#
# A fatal error has been detected by the Java Runtime Environment:
#
#  EXCEPTION_ACCESS_VIOLATION (0xc0000005) at pc=0x00007ffe61c0cf2c, pid=2784, tid=7076
#
# JRE version: OpenJDK Runtime Environment Corretto-17.0.5.8.1 (17.0.5+8) (build 17.0.5+8-LTS)
# Java VM: OpenJDK 64-Bit Server VM Corretto-17.0.5.8.1 (17.0.5+8-LTS, mixed mode, sharing, tiered, compressed oops, compressed class ptrs, g1 gc, windows-amd64)
# Problematic frame:
# C  [igxelpicd64.dll+0x30cf2c]
#
# No core dump will be written. Minidumps are not enabled by default on client versions of Windows
#
# If you would like to submit a bug report, please visit:
#   https://github.com/corretto/corretto-17/issues/
#

---------------  S U M M A R Y ------------

Command Line: -javaagent:C:\Program Files\JetBrains\IntelliJ IDEA 2022.2.3\lib\idea_rt.jar=52227:C:\Program Files\JetBrains\IntelliJ IDEA 2022.2.3\bin -Dfile.encoding=UTF-8 com.r3nny.seabatlle.client.DesktopLauncher

Host: Intel(R) Pentium(R) Gold 7505 @ 2.00GHz, 4 cores, 7G,  Windows 11 , 64 bit Build 22621 (10.0.22621.317)
Time: Fri Nov 11 14:33:23 2022 RTZ 2 (s 11 , 64 bit Build 22621 (10.0.22621.317) elapsed time: 55.356708 seconds (0d 0h 0m 55s)

---------------  T H R E A D  ---------------

Current thread (0x0000011d38a8c870):  VMThread "VM Thread" [stack: 0x0000000f50500000,0x0000000f50600000] [id=7076]

Stack: [0x0000000f50500000,0x0000000f50600000],  sp=0x0000000f505fe6c0,  free space=1017k
Native frames: (J=compiled Java code, j=interpreted, Vv=VM code, C=native code)
C  [igxelpicd64.dll+0x30cf2c]


siginfo: EXCEPTION_ACCESS_VIOLATION (0xc0000005), reading address 0x00000000000356f8


Register to memory mapping:

RIP=0x00007ffe61c0cf2c igxelpicd64.dll
RAX=0x0000011d4a421af0 points into unknown readable memory: 0x00000000005fe030 | 30 e0 5f 00 00 00 00 00
RBX=0x0000011d39ff1d20 points into unknown readable memory: 0xffffffffffffffff | ff ff ff ff ff ff ff ff
RCX=0x00000000005ff969 is an unknown value
RDX=0x0 is NULL
RSP=0x0000000f505fe6c0 points into unknown readable memory: 0x0000011d39ff1d20 | 20 1d ff 39 1d 01 00 00
RBP=0x0000000000000016 is an unknown value
RSI=0x0000011d3b7e3510 points into unknown readable memory: 0x0000011d3b6a2001 | 01 20 6a 3b 1d 01 00 00
RDI=0x0 is NULL
R8 =0x0000000000000014 is an unknown value
R9 =0x0 is NULL
R10=0x0 is NULL
R11=0x0000000000000246 is an unknown value
R12=0x0000011d4a421fb8 points into unknown readable memory: 0x0000011d4a41c7e0 | e0 c7 41 4a 1d 01 00 00
R13=0x0 is NULL
R14=0x0000011d4a4219f0 points into unknown readable memory: 0x0000011d3b52de10 | 10 de 52 3b 1d 01 00 00
R15=0x0 is NULL


Registers:
RAX=0x0000011d4a421af0, RBX=0x0000011d39ff1d20, RCX=0x00000000005ff969, RDX=0x0000000000000000
RSP=0x0000000f505fe6c0, RBP=0x0000000000000016, RSI=0x0000011d3b7e3510, RDI=0x0000000000000000
R8 =0x0000000000000014, R9 =0x0000000000000000, R10=0x0000000000000000, R11=0x0000000000000246
R12=0x0000011d4a421fb8, R13=0x0000000000000000, R14=0x0000011d4a4219f0, R15=0x0000000000000000
RIP=0x00007ffe61c0cf2c, EFLAGS=0x0000000000010206

Top of Stack: (sp=0x0000000f505fe6c0)
0x0000000f505fe6c0:   0000011d39ff1d20 00007ffed83aecb9
0x0000000f505fe6d0:   0000000f505fe758 0000000000000000
0x0000000f505fe6e0:   0000000000000054 0000011d39ff1d20
0x0000000f505fe6f0:   00c935c500f399c3 00007ffed8dd2db4
0x0000000f505fe700:   00d75dc7021933c6 01c3ffc9009738c9
0x0000000f505fe710:   00b723ca022e07ca 0000011d3b63d238
0x0000000f505fe720:   00000000006b533a 0000000000000000
0x0000000f505fe730:   0000000000000014 0000000000000000
0x0000000f505fe740:   0000000000000000 0000000f505fe860
0x0000000f505fe750:   0000011d3b7e3510 00007ffe61aed62c
0x0000000f505fe760:   0000011d00000016 0000011d4a41c7e0
0x0000000f505fe770:   0227c1d202628700 020c14d30237ed00
0x0000000f505fe780:   0000000f00007a9c 0000b80219600000
0x0000000f505fe790:   0000000000000000 0258efd6010fd6d6
0x0000000f505fe7a0:   02524ad701c537d7 019ce7d801c5d2d7
0x0000000f505fe7b0:   01e097d901e940d9 023e16da01730bda 

Instructions: (pc=0x00007ffe61c0cf2c)
0x00007ffe61c0ce2c:   41 bf 20 00 00 00 48 8b 04 38 4d 8b 3c 07 0f b6
0x00007ffe61c0ce3c:   bc 24 b0 00 00 00 4c 3b 3d f7 b6 c3 00 41 0f 44
0x00007ffe61c0ce4c:   e9 89 ac 24 a0 00 00 00 48 85 c9 0f 84 d4 07 00
0x00007ffe61c0ce5c:   00 0f 1f 00 4c 8b f1 4c 8d a1 c8 05 00 00 49 8b
0x00007ffe61c0ce6c:   04 24 48 89 84 24 a8 00 00 00 40 84 ff 74 10 48
0x00007ffe61c0ce7c:   8b d1 48 8b 09 e8 0a 49 ee ff e9 4f 07 00 00 8b
0x00007ffe61c0ce8c:   96 c8 01 00 00 48 8b 05 78 9a b3 00 83 b8 64 03
0x00007ffe61c0ce9c:   00 00 02 0f 85 18 02 00 00 83 fa 10 73 0e 48 8d
0x00007ffe61c0ceac:   42 04 48 8d 04 c2 48 8d 04 c1 eb 60 8d 4a f0 8b
0x00007ffe61c0cebc:   c1 c1 e8 04 83 f8 03 73 1d 0f ae e8 83 e1 0f 4d
0x00007ffe61c0cecc:   8b 84 c6 80 05 00 00 4d 85 c0 74 25 48 8d 0c c9
0x00007ffe61c0cedc:   49 8d 04 c8 eb 36 49 8b 86 98 05 00 00 48 85 c0
0x00007ffe61c0ceec:   74 0f 66 90 39 10 74 2f 48 8b 40 50 48 85 c0 75
0x00007ffe61c0cefc:   f3 41 80 be a0 05 00 00 00 74 22 8b c2 83 e0 0f
0x00007ffe61c0cf0c:   48 8d 04 c0 48 8d 40 20 49 8d 04 c6 48 85 c0 74
0x00007ffe61c0cf1c:   0c 48 8b 48 08 eb 09 48 83 c0 08 eb ef 49 8b c9
0x00007ffe61c0cf2c:   49 3b 8f f8 56 03 00 0f 86 84 01 00 00 83 fa 10
0x00007ffe61c0cf3c:   73 0a 48 8d 42 04 48 8d 04 c2 eb 5c 8d 4a f0 8b
0x00007ffe61c0cf4c:   c1 c1 e8 04 83 f8 03 73 1d 0f ae e8 83 e1 0f 4d
0x00007ffe61c0cf5c:   8b 84 c6 80 05 00 00 4d 85 c0 74 25 48 8d 0c c9
0x00007ffe61c0cf6c:   49 8d 04 c8 eb 36 49 8b 86 98 05 00 00 48 85 c0
0x00007ffe61c0cf7c:   74 0f 66 90 39 10 74 2f 48 8b 40 50 48 85 c0 75
0x00007ffe61c0cf8c:   f3 41 80 be a0 05 00 00 00 74 22 8b c2 83 e0 0f
0x00007ffe61c0cf9c:   48 8d 04 c0 48 8d 40 20 49 8d 04 c6 48 85 c0 74
0x00007ffe61c0cfac:   0c 48 8b 48 08 eb 09 48 83 c0 08 eb ef 49 8b c9
0x00007ffe61c0cfbc:   49 3b 8e 40 06 00 00 0f 86 f4 00 00 00 48 8b 86
0x00007ffe61c0cfcc:   78 02 00 00 49 89 04 24 4c 89 b6 78 02 00 00 ff
0x00007ffe61c0cfdc:   86 80 02 00 00 49 8b 46 08 48 8b 88 18 01 00 00
0x00007ffe61c0cfec:   48 81 e1 00 00 ff ff 48 81 c1 00 00 01 00 48 01
0x00007ffe61c0cffc:   8e 88 02 00 00 ba 01 00 00 00 49 8b 4e 08 e8 b1
0x00007ffe61c0d00c:   91 d4 ff 48 01 86 98 02 00 00 85 ed 74 75 49 8b
0x00007ffe61c0d01c:   9f 58 4f 03 00 0f 57 c0 f3 0f 7f 44 24 30 c7 44 


Stack slot to memory mapping:
stack at sp + 0 slots: 0x0000011d39ff1d20 points into unknown readable memory: 0xffffffffffffffff | ff ff ff ff ff ff ff ff
stack at sp + 1 slots: 0x00007ffed83aecb9 USER32.dll
stack at sp + 2 slots: 0x0000000f505fe758 points into unknown readable memory: 0x00007ffe61aed62c | 2c d6 ae 61 fe 7f 00 00
stack at sp + 3 slots: 0x0 is NULL
stack at sp + 4 slots: 0x0000000000000054 is an unknown value
stack at sp + 5 slots: 0x0000011d39ff1d20 points into unknown readable memory: 0xffffffffffffffff | ff ff ff ff ff ff ff ff
stack at sp + 6 slots: 0x00c935c500f399c3 is an unknown value
stack at sp + 7 slots: 0x00007ffed8dd2db4 ntdll.dll

VM_Operation (0x0000000f520fee10): Exit, mode: safepoint, requested by thread 0x0000011d39944060


---------------  P R O C E S S  ---------------

Threads class SMR info:
_java_thread_list=0x0000011d39c0c1c0, length=16, elements={
0x0000011d1b21ab50, 0x0000011d38a92a40, 0x0000011d38a933f0, 0x0000011d38aa5e20,
0x0000011d38aa67d0, 0x0000011d38aa7180, 0x0000011d38aa7b30, 0x0000011d38ab2c40,
0x0000011d38ae4750, 0x0000011d39538030, 0x0000011d38a7b760, 0x0000011d39941510,
0x0000011d39941eb0, 0x0000011d399419e0, 0x0000011d39942380, 0x0000011d39944060
}

Java Threads: ( => current thread )
  0x0000011d1b21ab50 JavaThread "main" [_thread_blocked, id=2084, stack(0x0000000f4ff00000,0x0000000f50000000)]
  0x0000011d38a92a40 JavaThread "Reference Handler" daemon [_thread_blocked, id=9120, stack(0x0000000f50600000,0x0000000f50700000)]
  0x0000011d38a933f0 JavaThread "Finalizer" daemon [_thread_blocked, id=15728, stack(0x0000000f50700000,0x0000000f50800000)]
  0x0000011d38aa5e20 JavaThread "Signal Dispatcher" daemon [_thread_blocked, id=14396, stack(0x0000000f50800000,0x0000000f50900000)]
  0x0000011d38aa67d0 JavaThread "Attach Listener" daemon [_thread_blocked, id=12280, stack(0x0000000f50900000,0x0000000f50a00000)]
  0x0000011d38aa7180 JavaThread "Service Thread" daemon [_thread_blocked, id=13948, stack(0x0000000f50a00000,0x0000000f50b00000)]
  0x0000011d38aa7b30 JavaThread "Monitor Deflation Thread" daemon [_thread_blocked, id=8928, stack(0x0000000f50b00000,0x0000000f50c00000)]
  0x0000011d38ab2c40 JavaThread "C2 CompilerThread0" daemon [_thread_blocked, id=16336, stack(0x0000000f50c00000,0x0000000f50d00000)]
  0x0000011d38ae4750 JavaThread "C1 CompilerThread0" daemon [_thread_blocked, id=12940, stack(0x0000000f50d00000,0x0000000f50e00000)]
  0x0000011d39538030 JavaThread "Sweeper thread" daemon [_thread_blocked, id=11316, stack(0x0000000f50e00000,0x0000000f50f00000)]
  0x0000011d38a7b760 JavaThread "Common-Cleaner" daemon [_thread_blocked, id=14128, stack(0x0000000f50f00000,0x0000000f51000000)]
  0x0000011d39941510 JavaThread "Monitor Ctrl-Break" daemon [_thread_in_native, id=16224, stack(0x0000000f51000000,0x0000000f51100000)]
  0x0000011d39941eb0 JavaThread "Notification Thread" daemon [_thread_blocked, id=2028, stack(0x0000000f51100000,0x0000000f51200000)]
  0x0000011d399419e0 JavaThread "LWJGL3 Timer" daemon [_thread_blocked, id=11196, stack(0x0000000f51e00000,0x0000000f51f00000)]
  0x0000011d39942380 JavaThread "AssetManager" daemon [_thread_blocked, id=13464, stack(0x0000000f51f00000,0x0000000f52000000)]
  0x0000011d39944060 JavaThread "SIGINT handler" daemon [_thread_blocked, id=3636, stack(0x0000000f52000000,0x0000000f52100000)]

Other Threads:
=>0x0000011d38a8c870 VMThread "VM Thread" [stack: 0x0000000f50500000,0x0000000f50600000] [id=7076]
  0x0000011d1b274860 GCTaskThread "GC Thread#0" [stack: 0x0000000f50000000,0x0000000f50100000] [id=1076]
  0x0000011d3b9ad3c0 GCTaskThread "GC Thread#1" [stack: 0x0000000f51b00000,0x0000000f51c00000] [id=3792]
  0x0000011d3ba412d0 GCTaskThread "GC Thread#2" [stack: 0x0000000f51c00000,0x0000000f51d00000] [id=11100]
  0x0000011d3ba41580 GCTaskThread "GC Thread#3" [stack: 0x0000000f51d00000,0x0000000f51e00000] [id=3988]
  0x0000011d1b284e00 ConcurrentGCThread "G1 Main Marker" terminated
  0x0000011d1b286050 ConcurrentGCThread "G1 Conc#0" [stack: 0x0000000f50200000,0x0000000f50300000] [id=7044]
  0x0000011d389354c0 ConcurrentGCThread "G1 Refine#0" terminated
  0x0000011d38936ba0 ConcurrentGCThread "G1 Service" terminated

Threads with active compile tasks:

VM state: at safepoint (shutting down)

VM Mutex/Monitor currently owned by a thread:  ([mutex/lock_event])
[0x0000011d1b217790] Threads_lock - owner thread: 0x0000011d38a8c870
[0x0000011d1b217280] Heap_lock - owner thread: 0x0000011d39944060

Heap address: 0x0000000085800000, size: 1960 MB, Compressed Oops mode: 32-bit

CDS archive(s) mapped at: [0x0000000800000000-0x0000000800bc0000-0x0000000800bc0000), size 12320768, SharedBaseAddress: 0x0000000800000000, ArchiveRelocationMode: 0.
Compressed class space mapped at: 0x0000000800c00000-0x0000000840c00000, reserved size: 1073741824
Narrow klass base: 0x0000000800000000, Narrow klass shift: 0, Narrow klass range: 0x100000000

GC Precious Log:
 CPUs: 4 total, 4 available
 Memory: 7834M
 Large Page Support: Disabled
 NUMA Support: Disabled
 Compressed Oops: Enabled (32-bit)
 Heap Region Size: 1M
 Heap Min Capacity: 8M
 Heap Initial Capacity: 124M
 Heap Max Capacity: 1960M
 Pre-touch: Disabled
 Parallel Workers: 4
 Concurrent Workers: 1
 Concurrent Refinement Workers: 4
 Periodic GC: Disabled

Heap:
 garbage-first heap   total 126976K, used 23865K [0x0000000085800000, 0x0000000100000000)
  region size 1024K, 19 young (19456K), 3 survivors (3072K)
 Metaspace       used 8200K, committed 8384K, reserved 1064960K
  class space    used 653K, committed 704K, reserved 1048576K

Heap Regions: E=young(eden), S=young(survivor), O=old, HS=humongous(starts), HC=humongous(continues), CS=collection set, F=free, OA=open archive, CA=closed archive, TAMS=top-at-mark-start (previous, next)
|   0|0x0000000085800000, 0x0000000085900000, 0x0000000085900000|100%| O|  |TAMS 0x0000000085800000, 0x0000000085800000| Untracked 
|   1|0x0000000085900000, 0x0000000085900000, 0x0000000085a00000|  0%| F|  |TAMS 0x0000000085900000, 0x0000000085900000| Untracked 
|   2|0x0000000085a00000, 0x0000000085a00000, 0x0000000085b00000|  0%| F|  |TAMS 0x0000000085a00000, 0x0000000085a00000| Untracked 
|   3|0x0000000085b00000, 0x0000000085b00000, 0x0000000085c00000|  0%| F|  |TAMS 0x0000000085b00000, 0x0000000085b00000| Untracked 
|   4|0x0000000085c00000, 0x0000000085c00000, 0x0000000085d00000|  0%| F|  |TAMS 0x0000000085c00000, 0x0000000085c00000| Untracked 
|   5|0x0000000085d00000, 0x0000000085d00000, 0x0000000085e00000|  0%| F|  |TAMS 0x0000000085d00000, 0x0000000085d00000| Untracked 
|   6|0x0000000085e00000, 0x0000000085f00000, 0x0000000085f00000|100%| O|  |TAMS 0x0000000085e00000, 0x0000000085e00000| Untracked 
|   7|0x0000000085f00000, 0x0000000086000000, 0x0000000086000000|100%| O|  |TAMS 0x0000000085f00000, 0x0000000085f00000| Untracked 
|   8|0x0000000086000000, 0x0000000086100000, 0x0000000086100000|100%| O|  |TAMS 0x0000000086000000, 0x0000000086000000| Untracked 
|   9|0x0000000086100000, 0x0000000086200000, 0x0000000086200000|100%| O|  |TAMS 0x0000000086100000, 0x0000000086100000| Untracked 
|  10|0x0000000086200000, 0x0000000086300000, 0x0000000086300000|100%| O|  |TAMS 0x0000000086200000, 0x0000000086200000| Untracked 
|  11|0x0000000086300000, 0x000000008634e400, 0x0000000086400000| 30%| O|  |TAMS 0x0000000086300000, 0x0000000086300000| Untracked 
|  12|0x0000000086400000, 0x0000000086400000, 0x0000000086500000|  0%| F|  |TAMS 0x0000000086400000, 0x0000000086400000| Untracked 
|  13|0x0000000086500000, 0x0000000086500000, 0x0000000086600000|  0%| F|  |TAMS 0x0000000086500000, 0x0000000086500000| Untracked 
|  14|0x0000000086600000, 0x0000000086600000, 0x0000000086700000|  0%| F|  |TAMS 0x0000000086600000, 0x0000000086600000| Untracked 
|  15|0x0000000086700000, 0x0000000086700000, 0x0000000086800000|  0%| F|  |TAMS 0x0000000086700000, 0x0000000086700000| Untracked 
|  16|0x0000000086800000, 0x0000000086800000, 0x0000000086900000|  0%| F|  |TAMS 0x0000000086800000, 0x0000000086800000| Untracked 
|  17|0x0000000086900000, 0x0000000086900000, 0x0000000086a00000|  0%| F|  |TAMS 0x0000000086900000, 0x0000000086900000| Untracked 
|  18|0x0000000086a00000, 0x0000000086a00000, 0x0000000086b00000|  0%| F|  |TAMS 0x0000000086a00000, 0x0000000086a00000| Untracked 
|  19|0x0000000086b00000, 0x0000000086b00000, 0x0000000086c00000|  0%| F|  |TAMS 0x0000000086b00000, 0x0000000086b00000| Untracked 
|  20|0x0000000086c00000, 0x0000000086c00000, 0x0000000086d00000|  0%| F|  |TAMS 0x0000000086c00000, 0x0000000086c00000| Untracked 
|  21|0x0000000086d00000, 0x0000000086d00000, 0x0000000086e00000|  0%| F|  |TAMS 0x0000000086d00000, 0x0000000086d00000| Untracked 
|  22|0x0000000086e00000, 0x0000000086e00000, 0x0000000086f00000|  0%| F|  |TAMS 0x0000000086e00000, 0x0000000086e00000| Untracked 
|  23|0x0000000086f00000, 0x0000000086f00000, 0x0000000087000000|  0%| F|  |TAMS 0x0000000086f00000, 0x0000000086f00000| Untracked 
|  24|0x0000000087000000, 0x0000000087000000, 0x0000000087100000|  0%| F|  |TAMS 0x0000000087000000, 0x0000000087000000| Untracked 
|  25|0x0000000087100000, 0x0000000087100000, 0x0000000087200000|  0%| F|  |TAMS 0x0000000087100000, 0x0000000087100000| Untracked 
|  26|0x0000000087200000, 0x0000000087200000, 0x0000000087300000|  0%| F|  |TAMS 0x0000000087200000, 0x0000000087200000| Untracked 
|  27|0x0000000087300000, 0x0000000087300000, 0x0000000087400000|  0%| F|  |TAMS 0x0000000087300000, 0x0000000087300000| Untracked 
|  28|0x0000000087400000, 0x0000000087400000, 0x0000000087500000|  0%| F|  |TAMS 0x0000000087400000, 0x0000000087400000| Untracked 
|  29|0x0000000087500000, 0x0000000087500000, 0x0000000087600000|  0%| F|  |TAMS 0x0000000087500000, 0x0000000087500000| Untracked 
|  30|0x0000000087600000, 0x0000000087600000, 0x0000000087700000|  0%| F|  |TAMS 0x0000000087600000, 0x0000000087600000| Untracked 
|  31|0x0000000087700000, 0x0000000087700000, 0x0000000087800000|  0%| F|  |TAMS 0x0000000087700000, 0x0000000087700000| Untracked 
|  32|0x0000000087800000, 0x0000000087800000, 0x0000000087900000|  0%| F|  |TAMS 0x0000000087800000, 0x0000000087800000| Untracked 
|  33|0x0000000087900000, 0x0000000087900000, 0x0000000087a00000|  0%| F|  |TAMS 0x0000000087900000, 0x0000000087900000| Untracked 
|  34|0x0000000087a00000, 0x0000000087a00000, 0x0000000087b00000|  0%| F|  |TAMS 0x0000000087a00000, 0x0000000087a00000| Untracked 
|  35|0x0000000087b00000, 0x0000000087b00000, 0x0000000087c00000|  0%| F|  |TAMS 0x0000000087b00000, 0x0000000087b00000| Untracked 
|  36|0x0000000087c00000, 0x0000000087c00000, 0x0000000087d00000|  0%| F|  |TAMS 0x0000000087c00000, 0x0000000087c00000| Untracked 
|  37|0x0000000087d00000, 0x0000000087d00000, 0x0000000087e00000|  0%| F|  |TAMS 0x0000000087d00000, 0x0000000087d00000| Untracked 
|  38|0x0000000087e00000, 0x0000000087e00000, 0x0000000087f00000|  0%| F|  |TAMS 0x0000000087e00000, 0x0000000087e00000| Untracked 
|  39|0x0000000087f00000, 0x0000000087f00000, 0x0000000088000000|  0%| F|  |TAMS 0x0000000087f00000, 0x0000000087f00000| Untracked 
|  40|0x0000000088000000, 0x0000000088000000, 0x0000000088100000|  0%| F|  |TAMS 0x0000000088000000, 0x0000000088000000| Untracked 
|  41|0x0000000088100000, 0x0000000088100000, 0x0000000088200000|  0%| F|  |TAMS 0x0000000088100000, 0x0000000088100000| Untracked 
|  42|0x0000000088200000, 0x0000000088200000, 0x0000000088300000|  0%| F|  |TAMS 0x0000000088200000, 0x0000000088200000| Untracked 
|  43|0x0000000088300000, 0x0000000088300000, 0x0000000088400000|  0%| F|  |TAMS 0x0000000088300000, 0x0000000088300000| Untracked 
|  44|0x0000000088400000, 0x0000000088400000, 0x0000000088500000|  0%| F|  |TAMS 0x0000000088400000, 0x0000000088400000| Untracked 
|  45|0x0000000088500000, 0x0000000088500000, 0x0000000088600000|  0%| F|  |TAMS 0x0000000088500000, 0x0000000088500000| Untracked 
|  46|0x0000000088600000, 0x0000000088600000, 0x0000000088700000|  0%| F|  |TAMS 0x0000000088600000, 0x0000000088600000| Untracked 
|  47|0x0000000088700000, 0x0000000088700000, 0x0000000088800000|  0%| F|  |TAMS 0x0000000088700000, 0x0000000088700000| Untracked 
|  48|0x0000000088800000, 0x0000000088800000, 0x0000000088900000|  0%| F|  |TAMS 0x0000000088800000, 0x0000000088800000| Untracked 
|  49|0x0000000088900000, 0x0000000088900000, 0x0000000088a00000|  0%| F|  |TAMS 0x0000000088900000, 0x0000000088900000| Untracked 
|  50|0x0000000088a00000, 0x0000000088a00000, 0x0000000088b00000|  0%| F|  |TAMS 0x0000000088a00000, 0x0000000088a00000| Untracked 
|  51|0x0000000088b00000, 0x0000000088b00000, 0x0000000088c00000|  0%| F|  |TAMS 0x0000000088b00000, 0x0000000088b00000| Untracked 
|  52|0x0000000088c00000, 0x0000000088c00000, 0x0000000088d00000|  0%| F|  |TAMS 0x0000000088c00000, 0x0000000088c00000| Untracked 
|  53|0x0000000088d00000, 0x0000000088d00000, 0x0000000088e00000|  0%| F|  |TAMS 0x0000000088d00000, 0x0000000088d00000| Untracked 
|  54|0x0000000088e00000, 0x0000000088e00000, 0x0000000088f00000|  0%| F|  |TAMS 0x0000000088e00000, 0x0000000088e00000| Untracked 
|  55|0x0000000088f00000, 0x0000000088f00000, 0x0000000089000000|  0%| F|  |TAMS 0x0000000088f00000, 0x0000000088f00000| Untracked 
|  56|0x0000000089000000, 0x0000000089000000, 0x0000000089100000|  0%| F|  |TAMS 0x0000000089000000, 0x0000000089000000| Untracked 
|  57|0x0000000089100000, 0x0000000089100000, 0x0000000089200000|  0%| F|  |TAMS 0x0000000089100000, 0x0000000089100000| Untracked 
|  58|0x0000000089200000, 0x0000000089200000, 0x0000000089300000|  0%| F|  |TAMS 0x0000000089200000, 0x0000000089200000| Untracked 
|  59|0x0000000089300000, 0x0000000089300000, 0x0000000089400000|  0%| F|  |TAMS 0x0000000089300000, 0x0000000089300000| Untracked 
|  60|0x0000000089400000, 0x0000000089400000, 0x0000000089500000|  0%| F|  |TAMS 0x0000000089400000, 0x0000000089400000| Untracked 
|  61|0x0000000089500000, 0x0000000089500000, 0x0000000089600000|  0%| F|  |TAMS 0x0000000089500000, 0x0000000089500000| Untracked 
|  62|0x0000000089600000, 0x0000000089600000, 0x0000000089700000|  0%| F|  |TAMS 0x0000000089600000, 0x0000000089600000| Untracked 
|  63|0x0000000089700000, 0x0000000089700000, 0x0000000089800000|  0%| F|  |TAMS 0x0000000089700000, 0x0000000089700000| Untracked 
|  64|0x0000000089800000, 0x0000000089800000, 0x0000000089900000|  0%| F|  |TAMS 0x0000000089800000, 0x0000000089800000| Untracked 
|  65|0x0000000089900000, 0x0000000089900000, 0x0000000089a00000|  0%| F|  |TAMS 0x0000000089900000, 0x0000000089900000| Untracked 
|  66|0x0000000089a00000, 0x0000000089a00000, 0x0000000089b00000|  0%| F|  |TAMS 0x0000000089a00000, 0x0000000089a00000| Untracked 
|  67|0x0000000089b00000, 0x0000000089b00000, 0x0000000089c00000|  0%| F|  |TAMS 0x0000000089b00000, 0x0000000089b00000| Untracked 
|  68|0x0000000089c00000, 0x0000000089c00000, 0x0000000089d00000|  0%| F|  |TAMS 0x0000000089c00000, 0x0000000089c00000| Untracked 
|  69|0x0000000089d00000, 0x0000000089d00000, 0x0000000089e00000|  0%| F|  |TAMS 0x0000000089d00000, 0x0000000089d00000| Untracked 
|  70|0x0000000089e00000, 0x0000000089e00000, 0x0000000089f00000|  0%| F|  |TAMS 0x0000000089e00000, 0x0000000089e00000| Untracked 
|  71|0x0000000089f00000, 0x0000000089f00000, 0x000000008a000000|  0%| F|  |TAMS 0x0000000089f00000, 0x0000000089f00000| Untracked 
|  72|0x000000008a000000, 0x000000008a000000, 0x000000008a100000|  0%| F|  |TAMS 0x000000008a000000, 0x000000008a000000| Untracked 
|  73|0x000000008a100000, 0x000000008a100000, 0x000000008a200000|  0%| F|  |TAMS 0x000000008a100000, 0x000000008a100000| Untracked 
|  74|0x000000008a200000, 0x000000008a200000, 0x000000008a300000|  0%| F|  |TAMS 0x000000008a200000, 0x000000008a200000| Untracked 
|  75|0x000000008a300000, 0x000000008a300000, 0x000000008a400000|  0%| F|  |TAMS 0x000000008a300000, 0x000000008a300000| Untracked 
|  76|0x000000008a400000, 0x000000008a400000, 0x000000008a500000|  0%| F|  |TAMS 0x000000008a400000, 0x000000008a400000| Untracked 
|  77|0x000000008a500000, 0x000000008a500000, 0x000000008a600000|  0%| F|  |TAMS 0x000000008a500000, 0x000000008a500000| Untracked 
|  78|0x000000008a600000, 0x000000008a600000, 0x000000008a700000|  0%| F|  |TAMS 0x000000008a600000, 0x000000008a600000| Untracked 
|  79|0x000000008a700000, 0x000000008a700000, 0x000000008a800000|  0%| F|  |TAMS 0x000000008a700000, 0x000000008a700000| Untracked 
|  80|0x000000008a800000, 0x000000008a800000, 0x000000008a900000|  0%| F|  |TAMS 0x000000008a800000, 0x000000008a800000| Untracked 
|  81|0x000000008a900000, 0x000000008a900000, 0x000000008aa00000|  0%| F|  |TAMS 0x000000008a900000, 0x000000008a900000| Untracked 
|  82|0x000000008aa00000, 0x000000008aa00000, 0x000000008ab00000|  0%| F|  |TAMS 0x000000008aa00000, 0x000000008aa00000| Untracked 
|  83|0x000000008ab00000, 0x000000008ab00000, 0x000000008ac00000|  0%| F|  |TAMS 0x000000008ab00000, 0x000000008ab00000| Untracked 
|  84|0x000000008ac00000, 0x000000008ac00000, 0x000000008ad00000|  0%| F|  |TAMS 0x000000008ac00000, 0x000000008ac00000| Untracked 
|  85|0x000000008ad00000, 0x000000008ad00000, 0x000000008ae00000|  0%| F|  |TAMS 0x000000008ad00000, 0x000000008ad00000| Untracked 
|  86|0x000000008ae00000, 0x000000008ae00000, 0x000000008af00000|  0%| F|  |TAMS 0x000000008ae00000, 0x000000008ae00000| Untracked 
|  87|0x000000008af00000, 0x000000008af00000, 0x000000008b000000|  0%| F|  |TAMS 0x000000008af00000, 0x000000008af00000| Untracked 
|  88|0x000000008b000000, 0x000000008b000000, 0x000000008b100000|  0%| F|  |TAMS 0x000000008b000000, 0x000000008b000000| Untracked 
|  89|0x000000008b100000, 0x000000008b100000, 0x000000008b200000|  0%| F|  |TAMS 0x000000008b100000, 0x000000008b100000| Untracked 
|  90|0x000000008b200000, 0x000000008b200000, 0x000000008b300000|  0%| F|  |TAMS 0x000000008b200000, 0x000000008b200000| Untracked 
|  91|0x000000008b300000, 0x000000008b300000, 0x000000008b400000|  0%| F|  |TAMS 0x000000008b300000, 0x000000008b300000| Untracked 
|  92|0x000000008b400000, 0x000000008b400000, 0x000000008b500000|  0%| F|  |TAMS 0x000000008b400000, 0x000000008b400000| Untracked 
|  93|0x000000008b500000, 0x000000008b500000, 0x000000008b600000|  0%| F|  |TAMS 0x000000008b500000, 0x000000008b500000| Untracked 
|  94|0x000000008b600000, 0x000000008b600000, 0x000000008b700000|  0%| F|  |TAMS 0x000000008b600000, 0x000000008b600000| Untracked 
|  95|0x000000008b700000, 0x000000008b700000, 0x000000008b800000|  0%| F|  |TAMS 0x000000008b700000, 0x000000008b700000| Untracked 
|  96|0x000000008b800000, 0x000000008b800000, 0x000000008b900000|  0%| F|  |TAMS 0x000000008b800000, 0x000000008b800000| Untracked 
|  97|0x000000008b900000, 0x000000008b900000, 0x000000008ba00000|  0%| F|  |TAMS 0x000000008b900000, 0x000000008b900000| Untracked 
|  98|0x000000008ba00000, 0x000000008ba00000, 0x000000008bb00000|  0%| F|  |TAMS 0x000000008ba00000, 0x000000008ba00000| Untracked 
|  99|0x000000008bb00000, 0x000000008bb00000, 0x000000008bc00000|  0%| F|  |TAMS 0x000000008bb00000, 0x000000008bb00000| Untracked 
| 100|0x000000008bc00000, 0x000000008bc00000, 0x000000008bd00000|  0%| F|  |TAMS 0x000000008bc00000, 0x000000008bc00000| Untracked 
| 101|0x000000008bd00000, 0x000000008bd00000, 0x000000008be00000|  0%| F|  |TAMS 0x000000008bd00000, 0x000000008bd00000| Untracked 
| 102|0x000000008be00000, 0x000000008be00000, 0x000000008bf00000|  0%| F|  |TAMS 0x000000008be00000, 0x000000008be00000| Untracked 
| 103|0x000000008bf00000, 0x000000008bf00000, 0x000000008c000000|  0%| F|  |TAMS 0x000000008bf00000, 0x000000008bf00000| Untracked 
| 104|0x000000008c000000, 0x000000008c100000, 0x000000008c100000|100%| S|CS|TAMS 0x000000008c000000, 0x000000008c000000| Complete 
| 105|0x000000008c100000, 0x000000008c200000, 0x000000008c200000|100%| S|CS|TAMS 0x000000008c100000, 0x000000008c100000| Complete 
| 106|0x000000008c200000, 0x000000008c300000, 0x000000008c300000|100%| S|CS|TAMS 0x000000008c200000, 0x000000008c200000| Complete 
| 107|0x000000008c300000, 0x000000008c300000, 0x000000008c400000|  0%| F|  |TAMS 0x000000008c300000, 0x000000008c300000| Untracked 
| 108|0x000000008c400000, 0x000000008c479b48, 0x000000008c500000| 47%| E|  |TAMS 0x000000008c400000, 0x000000008c400000| Complete 
| 109|0x000000008c500000, 0x000000008c600000, 0x000000008c600000|100%| E|CS|TAMS 0x000000008c500000, 0x000000008c500000| Complete 
| 110|0x000000008c600000, 0x000000008c700000, 0x000000008c700000|100%| E|CS|TAMS 0x000000008c600000, 0x000000008c600000| Complete 
| 111|0x000000008c700000, 0x000000008c800000, 0x000000008c800000|100%| E|  |TAMS 0x000000008c700000, 0x000000008c700000| Complete 
| 112|0x000000008c800000, 0x000000008c900000, 0x000000008c900000|100%| E|CS|TAMS 0x000000008c800000, 0x000000008c800000| Complete 
| 113|0x000000008c900000, 0x000000008ca00000, 0x000000008ca00000|100%| E|CS|TAMS 0x000000008c900000, 0x000000008c900000| Complete 
| 114|0x000000008ca00000, 0x000000008cb00000, 0x000000008cb00000|100%| E|CS|TAMS 0x000000008ca00000, 0x000000008ca00000| Complete 
| 115|0x000000008cb00000, 0x000000008cc00000, 0x000000008cc00000|100%| E|CS|TAMS 0x000000008cb00000, 0x000000008cb00000| Complete 
| 116|0x000000008cc00000, 0x000000008cd00000, 0x000000008cd00000|100%| E|CS|TAMS 0x000000008cc00000, 0x000000008cc00000| Complete 
| 117|0x000000008cd00000, 0x000000008ce00000, 0x000000008ce00000|100%| E|CS|TAMS 0x000000008cd00000, 0x000000008cd00000| Complete 
| 118|0x000000008ce00000, 0x000000008cf00000, 0x000000008cf00000|100%| E|CS|TAMS 0x000000008ce00000, 0x000000008ce00000| Complete 
| 119|0x000000008cf00000, 0x000000008d000000, 0x000000008d000000|100%| E|CS|TAMS 0x000000008cf00000, 0x000000008cf00000| Complete 
| 120|0x000000008d000000, 0x000000008d100000, 0x000000008d100000|100%| E|CS|TAMS 0x000000008d000000, 0x000000008d000000| Complete 
| 121|0x000000008d100000, 0x000000008d200000, 0x000000008d200000|100%| E|CS|TAMS 0x000000008d100000, 0x000000008d100000| Complete 
| 122|0x000000008d200000, 0x000000008d300000, 0x000000008d300000|100%| E|CS|TAMS 0x000000008d200000, 0x000000008d200000| Complete 
| 123|0x000000008d300000, 0x000000008d400000, 0x000000008d400000|100%| E|CS|TAMS 0x000000008d300000, 0x000000008d300000| Complete 

Card table byte_map: [0x0000011d320f0000,0x0000011d324d0000] _byte_map_base: 0x0000011d31cc4000

Marking Bits (Prev, Next): (CMBitMap*) 0x0000011d1b274e70, (CMBitMap*) 0x0000011d1b274eb0
 Prev Bits: [0x0000011d328b0000, 0x0000011d34750000)
 Next Bits: [0x0000011d34750000, 0x0000011d365f0000)

Polling page: 0x0000011d19200000

Metaspace:

Usage:
  Non-class:      7.37 MB used.
      Class:    653.61 KB used.
       Both:      8.01 MB used.

Virtual space:
  Non-class space:       16.00 MB reserved,       7.50 MB ( 47%) committed,  2 nodes.
      Class space:        1.00 GB reserved,     704.00 KB ( <1%) committed,  1 nodes.
             Both:        1.02 GB reserved,       8.19 MB ( <1%) committed. 

Chunk freelists:
   Non-Class:  2.78 MB
       Class:  3.25 MB
        Both:  6.04 MB

MaxMetaspaceSize: unlimited
CompressedClassSpaceSize: 1.00 GB
Initial GC threshold: 21.00 MB
Current GC threshold: 21.00 MB
CDS: on
MetaspaceReclaimPolicy: balanced
 - commit_granule_bytes: 65536.
 - commit_granule_words: 8192.
 - virtual_space_node_default_size: 1048576.
 - enlarge_chunks_in_place: 1.
 - new_chunks_are_fully_committed: 0.
 - uncommit_free_chunks: 1.
 - use_allocation_guard: 0.
 - handle_deallocations: 1.


Internal statistics:

num_allocs_failed_limit: 0.
num_arena_births: 126.
num_arena_deaths: 0.
num_vsnodes_births: 3.
num_vsnodes_deaths: 0.
num_space_committed: 129.
num_space_uncommitted: 0.
num_chunks_returned_to_freelist: 0.
num_chunks_taken_from_freelist: 355.
num_chunk_merges: 0.
num_chunk_splits: 264.
num_chunks_enlarged: 207.
num_purges: 0.
num_inconsistent_stats: 0.

CodeHeap 'non-profiled nmethods': size=120000Kb used=842Kb max_used=842Kb free=119157Kb
 bounds [0x0000011d2a7e0000, 0x0000011d2aa50000, 0x0000011d31d10000]
CodeHeap 'profiled nmethods': size=120000Kb used=2903Kb max_used=2903Kb free=117096Kb
 bounds [0x0000011d232b0000, 0x0000011d23590000, 0x0000011d2a7e0000]
CodeHeap 'non-nmethods': size=5760Kb used=1639Kb max_used=1676Kb free=4121Kb
 bounds [0x0000011d22d10000, 0x0000011d22f80000, 0x0000011d232b0000]
 total_blobs=2865 nmethods=1798 adapters=980
 compilation: enabled
              stopped_count=0, restarted_count=0
 full_count=0

Compilation events (20 events):
Event: 50.281 Thread 0x0000011d38ae4750 1789       1       com.r3nny.seabatlle.client.core.model.Ship::isVertical (5 bytes)
Event: 50.281 Thread 0x0000011d38ae4750 nmethod 1789 0x0000011d2a8b2090 code [0x0000011d2a8b2220, 0x0000011d2a8b22f8]
Event: 50.356 Thread 0x0000011d38ae4750 1790       3       java.lang.invoke.LambdaForm$MH/0x0000000800cb8400::invoke (32 bytes)
Event: 50.356 Thread 0x0000011d38ae4750 nmethod 1790 0x0000011d23582310 code [0x0000011d235824e0, 0x0000011d235829b8]
Event: 50.356 Thread 0x0000011d38ae4750 1791       3       java.lang.invoke.DirectMethodHandle$Holder::invokeStatic (21 bytes)
Event: 50.356 Thread 0x0000011d38ae4750 nmethod 1791 0x0000011d23582b10 code [0x0000011d23582ce0, 0x0000011d235831d8]
Event: 50.423 Thread 0x0000011d38ae4750 1792       3       java.lang.StringConcatHelper::prepend (22 bytes)
Event: 50.424 Thread 0x0000011d38ae4750 nmethod 1792 0x0000011d23583310 code [0x0000011d235834e0, 0x0000011d23583768]
Event: 50.466 Thread 0x0000011d38ae4750 1793       3       java.lang.invoke.DirectMethodHandle$Holder::invokeStatic (14 bytes)
Event: 50.466 Thread 0x0000011d38ae4750 nmethod 1793 0x0000011d23583890 code [0x0000011d23583a60, 0x0000011d23583f78]
Event: 50.466 Thread 0x0000011d38ae4750 1794       3       java.lang.invoke.DirectMethodHandle$Holder::invokeStatic (17 bytes)
Event: 50.466 Thread 0x0000011d38ae4750 nmethod 1794 0x0000011d23584090 code [0x0000011d23584260, 0x0000011d23584718]
Event: 50.466 Thread 0x0000011d38ae4750 1795       3       java.lang.invoke.LambdaForm$MH/0x0000000800cb9000::invoke (32 bytes)
Event: 50.466 Thread 0x0000011d38ae4750 nmethod 1795 0x0000011d23584810 code [0x0000011d235849e0, 0x0000011d23584eb8]
Event: 50.692 Thread 0x0000011d38ab2c40 1796       4       com.badlogic.gdx.math.Vector3::crs (62 bytes)
Event: 50.693 Thread 0x0000011d38ab2c40 nmethod 1796 0x0000011d2a8b2390 code [0x0000011d2a8b2500, 0x0000011d2a8b25d8]
Event: 50.859 Thread 0x0000011d38ae4750 1797       3       com.badlogic.gdx.graphics.g2d.Sprite::getVertices (386 bytes)
Event: 50.860 Thread 0x0000011d38ae4750 nmethod 1797 0x0000011d23585010 code [0x0000011d23585240, 0x0000011d23585978]
Event: 52.189 Thread 0x0000011d38ab2c40 1798       4       com.badlogic.gdx.utils.Array::addAll (14 bytes)
Event: 52.192 Thread 0x0000011d38ab2c40 nmethod 1798 0x0000011d2a8b2690 code [0x0000011d2a8b2820, 0x0000011d2a8b2a18]

GC Heap History (4 events):
Event: 0.845 GC heap before
{Heap before GC invocations=0 (full 0):
 garbage-first heap   total 126976K, used 12288K [0x0000000085800000, 0x0000000100000000)
  region size 1024K, 13 young (13312K), 0 survivors (0K)
 Metaspace       used 4734K, committed 4928K, reserved 1056768K
  class space    used 352K, committed 448K, reserved 1048576K
}
Event: 0.850 GC heap after
{Heap after GC invocations=1 (full 0):
 garbage-first heap   total 126976K, used 2388K [0x0000000085800000, 0x0000000100000000)
  region size 1024K, 2 young (2048K), 2 survivors (2048K)
 Metaspace       used 4734K, committed 4928K, reserved 1056768K
  class space    used 352K, committed 448K, reserved 1048576K
}
Event: 6.588 GC heap before
{Heap before GC invocations=1 (full 0):
 garbage-first heap   total 126976K, used 21844K [0x0000000085800000, 0x0000000100000000)
  region size 1024K, 17 young (17408K), 2 survivors (2048K)
 Metaspace       used 7880K, committed 8000K, reserved 1064960K
  class space    used 632K, committed 704K, reserved 1048576K
}
Event: 6.596 GC heap after
{Heap after GC invocations=2 (full 0):
 garbage-first heap   total 126976K, used 9529K [0x0000000085800000, 0x0000000100000000)
  region size 1024K, 3 young (3072K), 3 survivors (3072K)
 Metaspace       used 7880K, committed 8000K, reserved 1064960K
  class space    used 632K, committed 704K, reserved 1048576K
}

Dll operation events (13 events):
Event: 0.009 Loaded shared library C:\Users\R3nny\.jdks\corretto-17.0.5\bin\java.dll
Event: 0.020 Loaded shared library C:\Users\R3nny\.jdks\corretto-17.0.5\bin\jsvml.dll
Event: 0.136 Loaded shared library C:\Users\R3nny\.jdks\corretto-17.0.5\bin\zip.dll
Event: 0.138 Loaded shared library C:\Users\R3nny\.jdks\corretto-17.0.5\bin\instrument.dll
Event: 0.145 Loaded shared library C:\Users\R3nny\.jdks\corretto-17.0.5\bin\net.dll
Event: 0.147 Loaded shared library C:\Users\R3nny\.jdks\corretto-17.0.5\bin\nio.dll
Event: 0.149 Loaded shared library C:\Users\R3nny\.jdks\corretto-17.0.5\bin\zip.dll
Event: 0.206 Loaded shared library C:\Program Files\JetBrains\IntelliJ IDEA 2022.2.3\bin\breakgen64.dll
Event: 0.227 Loaded shared library C:\Users\R3nny\.jdks\corretto-17.0.5\bin\jimage.dll
Event: 0.234 Loaded shared library C:\Users\R3nny\AppData\Local\Temp\libgdxR3nny\e787ab0a\gdx64.dll
Event: 0.291 Loaded shared library C:\Users\R3nny\AppData\Local\Temp\lwjglR3nny\3.3.1-build-7\lwjgl.dll
Event: 0.741 Loaded shared library C:\Users\R3nny\AppData\Local\Temp\lwjglR3nny\3.3.1-build-7\lwjgl_opengl.dll
Event: 4.126 Loaded shared library C:\Users\R3nny\AppData\Local\Temp\libgdxR3nny\ac200fef\gdx-freetype64.dll

Deoptimization events (20 events):
Event: 50.573 Thread 0x0000011d1b21ab50 Uncommon trap: trap_request=0xffffffd6 fr.pc=0x0000011d2a8b1a2c relative=0x00000000000004ec
Event: 50.573 Thread 0x0000011d1b21ab50 Uncommon trap: reason=array_check action=maybe_recompile pc=0x0000011d2a8b1a2c method=com.badlogic.gdx.utils.Array.add(Ljava/lang/Object;)V @ 46 c2
Event: 50.573 Thread 0x0000011d1b21ab50 DEOPT PACKING pc=0x0000011d2a8b1a2c sp=0x0000000f4ffff080
Event: 50.573 Thread 0x0000011d1b21ab50 DEOPT UNPACKING pc=0x0000011d22d65ba3 sp=0x0000000f4ffff058 mode 2
Event: 50.573 Thread 0x0000011d1b21ab50 Uncommon trap: trap_request=0xffffffd6 fr.pc=0x0000011d2a8b1a2c relative=0x00000000000004ec
Event: 50.573 Thread 0x0000011d1b21ab50 Uncommon trap: reason=array_check action=maybe_recompile pc=0x0000011d2a8b1a2c method=com.badlogic.gdx.utils.Array.add(Ljava/lang/Object;)V @ 46 c2
Event: 50.573 Thread 0x0000011d1b21ab50 DEOPT PACKING pc=0x0000011d2a8b1a2c sp=0x0000000f4ffff080
Event: 50.573 Thread 0x0000011d1b21ab50 DEOPT UNPACKING pc=0x0000011d22d65ba3 sp=0x0000000f4ffff058 mode 2
Event: 50.573 Thread 0x0000011d1b21ab50 Uncommon trap: trap_request=0xffffffd6 fr.pc=0x0000011d2a8b1a2c relative=0x00000000000004ec
Event: 50.573 Thread 0x0000011d1b21ab50 Uncommon trap: reason=array_check action=maybe_recompile pc=0x0000011d2a8b1a2c method=com.badlogic.gdx.utils.Array.add(Ljava/lang/Object;)V @ 46 c2
Event: 50.573 Thread 0x0000011d1b21ab50 DEOPT PACKING pc=0x0000011d2a8b1a2c sp=0x0000000f4ffff080
Event: 50.573 Thread 0x0000011d1b21ab50 DEOPT UNPACKING pc=0x0000011d22d65ba3 sp=0x0000000f4ffff058 mode 2
Event: 50.573 Thread 0x0000011d1b21ab50 Uncommon trap: trap_request=0xffffffd6 fr.pc=0x0000011d2a8b1a2c relative=0x00000000000004ec
Event: 50.573 Thread 0x0000011d1b21ab50 Uncommon trap: reason=array_check action=maybe_recompile pc=0x0000011d2a8b1a2c method=com.badlogic.gdx.utils.Array.add(Ljava/lang/Object;)V @ 46 c2
Event: 50.573 Thread 0x0000011d1b21ab50 DEOPT PACKING pc=0x0000011d2a8b1a2c sp=0x0000000f4ffff080
Event: 50.573 Thread 0x0000011d1b21ab50 DEOPT UNPACKING pc=0x0000011d22d65ba3 sp=0x0000000f4ffff058 mode 2
Event: 50.576 Thread 0x0000011d1b21ab50 Uncommon trap: trap_request=0xffffff45 fr.pc=0x0000011d2a8ab764 relative=0x0000000000000064
Event: 50.576 Thread 0x0000011d1b21ab50 Uncommon trap: reason=unstable_if action=reinterpret pc=0x0000011d2a8ab764 method=com.badlogic.gdx.graphics.g2d.Sprite.getVertices()[F @ 4 c2
Event: 50.576 Thread 0x0000011d1b21ab50 DEOPT PACKING pc=0x0000011d2a8ab764 sp=0x0000000f4fffee50
Event: 50.576 Thread 0x0000011d1b21ab50 DEOPT UNPACKING pc=0x0000011d22d65ba3 sp=0x0000000f4fffed30 mode 2

Classes unloaded (0 events):
No events

Classes redefined (0 events):
No events

Internal exceptions (20 events):
Event: 50.257 Thread 0x0000011d1b21ab50 Exception <a 'java/lang/ArrayIndexOutOfBoundsException'{0x000000008c5939f0}: Index -1 out of bounds for length 10> (0x000000008c5939f0) 
thrown [s\src\hotspot\share\interpreter\interpreterRuntime.cpp, line 428]
Event: 50.268 Thread 0x0000011d1b21ab50 Exception <a 'java/lang/ArrayIndexOutOfBoundsException'{0x000000008c5945f8}: Index 10 out of bounds for length 10> (0x000000008c5945f8) 
thrown [s\src\hotspot\share\interpreter\interpreterRuntime.cpp, line 428]
Event: 50.268 Thread 0x0000011d1b21ab50 Exception <a 'java/lang/ArrayIndexOutOfBoundsException'{0x000000008c594918}: Index 10 out of bounds for length 10> (0x000000008c594918) 
thrown [s\src\hotspot\share\interpreter\interpreterRuntime.cpp, line 428]
Event: 50.268 Thread 0x0000011d1b21ab50 Exception <a 'java/lang/ArrayIndexOutOfBoundsException'{0x000000008c594c38}: Index 10 out of bounds for length 10> (0x000000008c594c38) 
thrown [s\src\hotspot\share\interpreter\interpreterRuntime.cpp, line 428]
Event: 50.268 Thread 0x0000011d1b21ab50 Exception <a 'java/lang/ArrayIndexOutOfBoundsException'{0x000000008c594f58}: Index 10 out of bounds for length 10> (0x000000008c594f58) 
thrown [s\src\hotspot\share\interpreter\interpreterRuntime.cpp, line 428]
Event: 50.324 Thread 0x0000011d1b21ab50 Exception <a 'java/lang/ArrayIndexOutOfBoundsException'{0x000000008c596b38}: Index 10 out of bounds for length 10> (0x000000008c596b38) 
thrown [s\src\hotspot\share\interpreter\interpreterRuntime.cpp, line 428]
Event: 50.324 Thread 0x0000011d1b21ab50 Exception <a 'java/lang/ArrayIndexOutOfBoundsException'{0x000000008c596e58}: Index 10 out of bounds for length 10> (0x000000008c596e58) 
thrown [s\src\hotspot\share\interpreter\interpreterRuntime.cpp, line 428]
Event: 50.324 Thread 0x0000011d1b21ab50 Exception <a 'java/lang/ArrayIndexOutOfBoundsException'{0x000000008c597178}: Index 10 out of bounds for length 10> (0x000000008c597178) 
thrown [s\src\hotspot\share\interpreter\interpreterRuntime.cpp, line 428]
Event: 50.356 Thread 0x0000011d1b21ab50 Exception <a 'java/lang/ArrayIndexOutOfBoundsException'{0x000000008c598490}: Index 10 out of bounds for length 10> (0x000000008c598490) 
thrown [s\src\hotspot\share\interpreter\interpreterRuntime.cpp, line 428]
Event: 50.356 Thread 0x0000011d1b21ab50 Exception <a 'java/lang/ArrayIndexOutOfBoundsException'{0x000000008c5987b0}: Index 10 out of bounds for length 10> (0x000000008c5987b0) 
thrown [s\src\hotspot\share\interpreter\interpreterRuntime.cpp, line 428]
Event: 50.356 Thread 0x0000011d1b21ab50 Exception <a 'java/lang/ArrayIndexOutOfBoundsException'{0x000000008c598ad0}: Index 10 out of bounds for length 10> (0x000000008c598ad0) 
thrown [s\src\hotspot\share\interpreter\interpreterRuntime.cpp, line 428]
Event: 50.378 Thread 0x0000011d1b21ab50 Exception <a 'java/lang/ArrayIndexOutOfBoundsException'{0x000000008c599998}: Index -1 out of bounds for length 10> (0x000000008c599998) 
thrown [s\src\hotspot\share\interpreter\interpreterRuntime.cpp, line 428]
Event: 50.378 Thread 0x0000011d1b21ab50 Exception <a 'java/lang/ArrayIndexOutOfBoundsException'{0x000000008c599cb8}: Index -1 out of bounds for length 10> (0x000000008c599cb8) 
thrown [s\src\hotspot\share\interpreter\interpreterRuntime.cpp, line 428]
Event: 50.378 Thread 0x0000011d1b21ab50 Exception <a 'java/lang/ArrayIndexOutOfBoundsException'{0x000000008c599fd8}: Index -1 out of bounds for length 10> (0x000000008c599fd8) 
thrown [s\src\hotspot\share\interpreter\interpreterRuntime.cpp, line 428]
Event: 50.541 Thread 0x0000011d1b21ab50 Exception <a 'java/lang/ArrayIndexOutOfBoundsException'{0x000000008c59ea00}: Index -1 out of bounds for length 10> (0x000000008c59ea00) 
thrown [s\src\hotspot\share\interpreter\interpreterRuntime.cpp, line 428]
Event: 50.541 Thread 0x0000011d1b21ab50 Exception <a 'java/lang/ArrayIndexOutOfBoundsException'{0x000000008c59ed20}: Index -1 out of bounds for length 10> (0x000000008c59ed20) 
thrown [s\src\hotspot\share\interpreter\interpreterRuntime.cpp, line 428]
Event: 50.541 Thread 0x0000011d1b21ab50 Exception <a 'java/lang/ArrayIndexOutOfBoundsException'{0x000000008c59f040}: Index -1 out of bounds for length 10> (0x000000008c59f040) 
thrown [s\src\hotspot\share\interpreter\interpreterRuntime.cpp, line 428]
Event: 50.573 Thread 0x0000011d1b21ab50 Exception <a 'java/lang/ArrayIndexOutOfBoundsException'{0x000000008c5a0268}: Index -1 out of bounds for length 10> (0x000000008c5a0268) 
thrown [s\src\hotspot\share\interpreter\interpreterRuntime.cpp, line 428]
Event: 50.573 Thread 0x0000011d1b21ab50 Exception <a 'java/lang/ArrayIndexOutOfBoundsException'{0x000000008c5a0588}: Index -1 out of bounds for length 10> (0x000000008c5a0588) 
thrown [s\src\hotspot\share\interpreter\interpreterRuntime.cpp, line 428]
Event: 50.573 Thread 0x0000011d1b21ab50 Exception <a 'java/lang/ArrayIndexOutOfBoundsException'{0x000000008c5a08a8}: Index -1 out of bounds for length 10> (0x000000008c5a08a8) 
thrown [s\src\hotspot\share\interpreter\interpreterRuntime.cpp, line 428]

VM Operations (20 events):
Event: 24.609 Executing VM operation: Cleanup done
Event: 25.610 Executing VM operation: Cleanup
Event: 25.610 Executing VM operation: Cleanup done
Event: 28.611 Executing VM operation: Cleanup
Event: 28.611 Executing VM operation: Cleanup done
Event: 36.617 Executing VM operation: Cleanup
Event: 36.617 Executing VM operation: Cleanup done
Event: 37.618 Executing VM operation: Cleanup
Event: 37.618 Executing VM operation: Cleanup done
Event: 39.619 Executing VM operation: Cleanup
Event: 39.619 Executing VM operation: Cleanup done
Event: 42.621 Executing VM operation: Cleanup
Event: 42.622 Executing VM operation: Cleanup done
Event: 43.622 Executing VM operation: Cleanup
Event: 43.623 Executing VM operation: Cleanup done
Event: 45.625 Executing VM operation: Cleanup
Event: 45.625 Executing VM operation: Cleanup done
Event: 50.627 Executing VM operation: Cleanup
Event: 50.628 Executing VM operation: Cleanup done
Event: 55.008 Executing VM operation: Exit

Events (20 events):
Event: 4.116 loading class jdk/internal/reflect/UnsafeBooleanFieldAccessorImpl done
Event: 4.117 loading class jdk/internal/reflect/UnsafeObjectFieldAccessorImpl
Event: 4.117 loading class jdk/internal/reflect/UnsafeObjectFieldAccessorImpl done
Event: 4.117 loading class jdk/internal/reflect/UnsafeFloatFieldAccessorImpl
Event: 4.117 loading class jdk/internal/reflect/UnsafeFloatFieldAccessorImpl done
Event: 4.127 loading class java/nio/channels/FileChannel$MapMode
Event: 4.127 loading class java/nio/channels/FileChannel$MapMode done
Event: 4.136 loading class java/nio/DirectIntBufferS
Event: 4.136 loading class java/nio/DirectIntBufferS done
Event: 7.264 loading class java/util/LinkedList$ListItr
Event: 7.264 loading class java/util/LinkedList$ListItr done
Event: 9.872 Thread 0x0000011d49acc330 Thread added: 0x0000011d49acc330
Event: 10.226 Thread 0x0000011d49acc330 Thread exited: 0x0000011d49acc330
Event: 12.991 loading class java/lang/FdLibm$Cbrt
Event: 12.991 loading class java/lang/FdLibm$Cbrt done
Event: 12.991 loading class java/lang/FdLibm
Event: 12.991 loading class java/lang/FdLibm done
Event: 55.007 loading class jdk/internal/misc/Signal$1
Event: 55.007 loading class jdk/internal/misc/Signal$1 done
Event: 55.007 Thread 0x0000011d39944060 Thread added: 0x0000011d39944060


Dynamic libraries:
0x00007ff6eb990000 - 0x00007ff6eb99d000 	C:\Users\R3nny\.jdks\corretto-17.0.5\bin\java.exe
0x00007ffed8d30000 - 0x00007ffed8f44000 	C:\Windows\SYSTEM32\ntdll.dll
0x00007ffed75f0000 - 0x00007ffed76b2000 	C:\Windows\System32\KERNEL32.DLL
0x00007ffed64a0000 - 0x00007ffed683c000 	C:\Windows\System32\KERNELBASE.dll
0x00007ffed6a20000 - 0x00007ffed6b31000 	C:\Windows\System32\ucrtbase.dll
0x00007ffebc240000 - 0x00007ffebc255000 	C:\Users\R3nny\.jdks\corretto-17.0.5\bin\VCRUNTIME140.dll
0x00007ffebc330000 - 0x00007ffebc347000 	C:\Users\R3nny\.jdks\corretto-17.0.5\bin\jli.dll
0x00007ffed8390000 - 0x00007ffed853b000 	C:\Windows\System32\USER32.dll
0x00007ffed6170000 - 0x00007ffed6196000 	C:\Windows\System32\win32u.dll
0x00007ffed6b40000 - 0x00007ffed6b69000 	C:\Windows\System32\GDI32.dll
0x00007ffed6210000 - 0x00007ffed6322000 	C:\Windows\System32\gdi32full.dll
0x00007ffed6980000 - 0x00007ffed6a1a000 	C:\Windows\System32\msvcp_win.dll
0x00007ffec07c0000 - 0x00007ffec0a4e000 	C:\Windows\WinSxS\amd64_microsoft.windows.common-controls_6595b64144ccf1df_6.0.22621.317_none_a9434687c10c9fa2\COMCTL32.dll
0x00007ffed8b60000 - 0x00007ffed8c07000 	C:\Windows\System32\msvcrt.dll
0x00007ffed8b20000 - 0x00007ffed8b51000 	C:\Windows\System32\IMM32.DLL
0x00007ffeaf5a0000 - 0x00007ffeaf63b000 	C:\Users\R3nny\.jdks\corretto-17.0.5\bin\msvcp140.dll
0x00007ffe63580000 - 0x00007ffe64194000 	C:\Users\R3nny\.jdks\corretto-17.0.5\bin\server\jvm.dll
0x00007ffed7540000 - 0x00007ffed75ee000 	C:\Windows\System32\ADVAPI32.dll
0x00007ffed76c0000 - 0x00007ffed7764000 	C:\Windows\System32\sechost.dll
0x00007ffed7940000 - 0x00007ffed7a55000 	C:\Windows\System32\RPCRT4.dll
0x00007ffeb1200000 - 0x00007ffeb1209000 	C:\Windows\SYSTEM32\WSOCK32.dll
0x00007ffebc510000 - 0x00007ffebc544000 	C:\Windows\SYSTEM32\WINMM.dll
0x00007ffec9940000 - 0x00007ffec994a000 	C:\Windows\SYSTEM32\VERSION.dll
0x00007ffed8aa0000 - 0x00007ffed8b11000 	C:\Windows\System32\WS2_32.dll
0x00007ffed5200000 - 0x00007ffed5218000 	C:\Windows\SYSTEM32\kernel.appcore.dll
0x00007ffebc1f0000 - 0x00007ffebc1fa000 	C:\Users\R3nny\.jdks\corretto-17.0.5\bin\jimage.dll
0x00007ffed3c20000 - 0x00007ffed3e4e000 	C:\Windows\SYSTEM32\DBGHELP.DLL
0x00007ffed7a60000 - 0x00007ffed7de9000 	C:\Windows\System32\combase.dll
0x00007ffed7460000 - 0x00007ffed7537000 	C:\Windows\System32\OLEAUT32.dll
0x00007ffeb1190000 - 0x00007ffeb11c2000 	C:\Windows\SYSTEM32\dbgcore.DLL
0x00007ffed6900000 - 0x00007ffed697b000 	C:\Windows\System32\bcryptPrimitives.dll
0x00007ffed0e40000 - 0x00007ffed0e4e000 	C:\Users\R3nny\.jdks\corretto-17.0.5\bin\instrument.dll
0x00007ffeaf8a0000 - 0x00007ffeaf8c5000 	C:\Users\R3nny\.jdks\corretto-17.0.5\bin\java.dll
0x00007ffe8e9a0000 - 0x00007ffe8ea76000 	C:\Users\R3nny\.jdks\corretto-17.0.5\bin\jsvml.dll
0x00007ffed6b70000 - 0x00007ffed734b000 	C:\Windows\System32\SHELL32.dll
0x00007ffed4040000 - 0x00007ffed48f4000 	C:\Windows\SYSTEM32\windows.storage.dll
0x00007ffed3f00000 - 0x00007ffed403d000 	C:\Windows\SYSTEM32\wintypes.dll
0x00007ffed80f0000 - 0x00007ffed81e1000 	C:\Windows\System32\SHCORE.dll
0x00007ffed7ef0000 - 0x00007ffed7f4e000 	C:\Windows\System32\shlwapi.dll
0x00007ffed60a0000 - 0x00007ffed60c1000 	C:\Windows\SYSTEM32\profapi.dll
0x00007ffeaff90000 - 0x00007ffeaffa8000 	C:\Users\R3nny\.jdks\corretto-17.0.5\bin\zip.dll
0x00007ffeb9d10000 - 0x00007ffeb9d29000 	C:\Users\R3nny\.jdks\corretto-17.0.5\bin\net.dll
0x00007ffece810000 - 0x00007ffece93f000 	C:\Windows\SYSTEM32\WINHTTP.dll
0x00007ffed56e0000 - 0x00007ffed5749000 	C:\Windows\system32\mswsock.dll
0x00007ffeb37b0000 - 0x00007ffeb37c5000 	C:\Users\R3nny\.jdks\corretto-17.0.5\bin\nio.dll
0x00007ffed0e20000 - 0x00007ffed0e3a000 	C:\Program Files\JetBrains\IntelliJ IDEA 2022.2.3\bin\breakgen64.dll
0x0000000050ab0000 - 0x0000000050ad9000 	C:\Users\R3nny\AppData\Local\Temp\libgdxR3nny\e787ab0a\gdx64.dll
0x00007ffebff60000 - 0x00007ffebffd5000 	C:\Users\R3nny\AppData\Local\Temp\lwjglR3nny\3.3.1-build-7\lwjgl.dll
0x00007ffebfd00000 - 0x00007ffebff59000 	C:\Users\R3nny\AppData\Local\Temp\lwjglR3nny\3.3.1-build-7\jemalloc.dll
0x00007ffebfc90000 - 0x00007ffebfcf1000 	C:\Users\R3nny\AppData\Local\Temp\lwjglR3nny\3.3.1-build-7\glfw.dll
0x00007ffed0d90000 - 0x00007ffed0dd6000 	C:\Windows\SYSTEM32\dinput8.dll
0x00007ffeced80000 - 0x00007ffeced91000 	C:\Windows\SYSTEM32\xinput1_4.dll
0x00007ffed5e30000 - 0x00007ffed5e7f000 	C:\Windows\SYSTEM32\cfgmgr32.dll
0x00007ffed5e80000 - 0x00007ffed5eac000 	C:\Windows\SYSTEM32\DEVOBJ.dll
0x00007ffed3530000 - 0x00007ffed355b000 	C:\Windows\SYSTEM32\dwmapi.dll
0x00007ffebde60000 - 0x00007ffebe061000 	C:\Windows\SYSTEM32\inputhost.dll
0x00007ffed2510000 - 0x00007ffed2643000 	C:\Windows\SYSTEM32\CoreMessaging.dll
0x00007ffed32a0000 - 0x00007ffed334b000 	C:\Windows\system32\uxtheme.dll
0x00007ffed81f0000 - 0x00007ffed830e000 	C:\Windows\System32\MSCTF.dll
0x00007ffed59d0000 - 0x00007ffed59dc000 	C:\Windows\SYSTEM32\CRYPTBASE.DLL
0x00007ffebfaf0000 - 0x00007ffebfc87000 	C:\Users\R3nny\AppData\Local\Temp\lwjglR3nny\3.3.1-build-7\OpenAL.dll
0x00007ffed7f50000 - 0x00007ffed80ec000 	C:\Windows\System32\ole32.dll
0x00007ffed8c30000 - 0x00007ffed8ce0000 	C:\Windows\System32\clbcatq.dll
0x00007ffeb8020000 - 0x00007ffeb80bd000 	C:\Windows\System32\MMDevApi.dll
0x00007ffebf520000 - 0x00007ffebf704000 	C:\Windows\SYSTEM32\AUDIOSES.DLL
0x00007ffed3860000 - 0x00007ffed3875000 	C:\Windows\SYSTEM32\resourcepolicyclient.dll
0x00007ffed5600000 - 0x00007ffed564d000 	C:\Windows\SYSTEM32\powrprof.dll
0x00007ffed5500000 - 0x00007ffed5513000 	C:\Windows\SYSTEM32\UMPDC.dll
0x00007ffec0430000 - 0x00007ffec0530000 	C:\Windows\SYSTEM32\opengl32.dll
0x00007ffec03c0000 - 0x00007ffec03ed000 	C:\Windows\SYSTEM32\GLU32.dll
0x00007ffed33c0000 - 0x00007ffed33f6000 	C:\Windows\SYSTEM32\dxcore.dll
0x00007ffed0c00000 - 0x00007ffed0c49000 	C:\Windows\SYSTEM32\directxdatabasehelper.dll
0x00007ffec9a40000 - 0x00007ffec9b6b000 	C:\Windows\System32\AppXDeploymentClient.dll
0x00007ffe61900000 - 0x00007ffe62906000 	C:\Windows\System32\DriverStore\FileRepository\iigd_dch.inf_amd64_9dbfad2c6843c394\igxelpicd64.dll
0x00007ffed3400000 - 0x00007ffed34f7000 	C:\Windows\system32\dxgi.dll
0x00007ffe611a0000 - 0x00007ffe618f3000 	C:\Windows\System32\DriverStore\FileRepository\iigd_dch.inf_amd64_9dbfad2c6843c394\igdml64.dll
0x00007ffec9d80000 - 0x00007ffeca141000 	C:\Windows\System32\DriverStore\FileRepository\iigd_dch.inf_amd64_9dbfad2c6843c394\igdgmm64.dll
0x00007ffec3430000 - 0x00007ffec6690000 	C:\Windows\System32\DriverStore\FileRepository\iigd_dch.inf_amd64_9dbfad2c6843c394\igc64.dll
0x00007ffebe070000 - 0x00007ffebe19d000 	C:\Windows\SYSTEM32\textinputframework.dll
0x00007ffed05f0000 - 0x00007ffed095c000 	C:\Windows\SYSTEM32\CoreUIComponents.dll
0x00007ffebf9e0000 - 0x00007ffebfa3d000 	C:\Users\R3nny\AppData\Local\Temp\lwjglR3nny\3.3.1-build-7\lwjgl_opengl.dll
0x00000000509f0000 - 0x0000000050aa2000 	C:\Users\R3nny\AppData\Local\Temp\libgdxR3nny\ac200fef\gdx-freetype64.dll

dbghelp: loaded successfully - version: 4.0.5 - missing functions: none
symbol engine: initialized successfully - sym options: 0x614 - pdb path: .;C:\Users\R3nny\.jdks\corretto-17.0.5\bin;C:\Windows\SYSTEM32;C:\Windows\WinSxS\amd64_microsoft.windows.common-controls_6595b64144ccf1df_6.0.22621.317_none_a9434687c10c9fa2;C:\Users\R3nny\.jdks\corretto-17.0.5\bin\server;C:\Program Files\JetBrains\IntelliJ IDEA 2022.2.3\bin;C:\Users\R3nny\AppData\Local\Temp\libgdxR3nny\e787ab0a;C:\Users\R3nny\AppData\Local\Temp\lwjglR3nny\3.3.1-build-7;C:\Windows\System32\DriverStore\FileRepository\iigd_dch.inf_amd64_9dbfad2c6843c394;C:\Users\R3nny\AppData\Local\Temp\libgdxR3nny\ac200fef

VM Arguments:
jvm_args: -javaagent:C:\Program Files\JetBrains\IntelliJ IDEA 2022.2.3\lib\idea_rt.jar=52227:C:\Program Files\JetBrains\IntelliJ IDEA 2022.2.3\bin -Dfile.encoding=UTF-8 
java_command: com.r3nny.seabatlle.client.DesktopLauncher
java_class_path (initial): C:\Users\R3nny\IdeaProjects\SeaBattle-client\target\classes;C:\Users\R3nny\.m2\repository\com\github\raeleus\stripe\freetype\1.4.1\freetype-1.4.1.jar;C:\Users\R3nny\.m2\repository\com\github\tommyettinger\regexodus\0.1.10\regexodus-0.1.10.jar;C:\Users\R3nny\.m2\repository\com\github\tommyettinger\regexodus\0.1.10\regexodus-0.1.10-sources.jar;C:\Users\R3nny\.m2\repository\com\badlogicgames\gdx\gdx-platform\1.11.0\gdx-platform-1.11.0-natives-desktop.jar;C:\Users\R3nny\.m2\repository\com\badlogicgames\gdx\gdx\1.11.0\gdx-1.11.0.jar;C:\Users\R3nny\.m2\repository\com\badlogicgames\gdx\gdx-jnigen-loader\2.3.1\gdx-jnigen-loader-2.3.1.jar;C:\Users\R3nny\.m2\repository\com\badlogicgames\gdx\gdx-freetype-platform\1.11.0\gdx-freetype-platform-1.11.0-natives-desktop.jar;C:\Users\R3nny\.m2\repository\com\badlogicgames\gdx\gdx-freetype\1.11.0\gdx-freetype-1.11.0.jar;C:\Users\R3nny\.m2\repository\com\badlogicgames\gdx\gdx-backend-lwjgl3\1.11.0\gdx-backend-lwjgl3-1.11.0.jar;C:\Users\R3nny\.m2\repository\org\lwjgl\lwjgl\3.3.1\lwjgl-3.3.1.jar;C:\Users\R3nny\.m2\repository\org\lwjgl\lwjgl\3.3.1\lwjgl-3.3.1-natives-linux.jar;C:\Users\R3nny\.m2\repository\org\lwjgl\lwjgl\3.3.1\lwjgl-3.3.1-natives-linux-arm32.jar;C:\Users\R3nny\.m2\repository\org\lwjgl\lwjgl\3.3.1\lwjgl-3.3.1-natives-linux-arm64.jar;C:\Users\R3nny\.m2\repository\org\lwjgl\lwjgl\3.3.1\lwjgl-3.3.1-natives-macos.jar;C:\Users\R3nny\.m2\repository\org\lwjgl\lwjgl\3.3.1\lwjgl-3.3.1-natives-macos-arm64.jar;C:\Users\R3nny\.m2\repository\org\lwjgl\lwjgl\3.3.1\lwjgl-3.3.1-natives-windows.jar;C:\Users\R3nny\.m2\repository\org\lwjgl\lwjgl\3.3.1\lwjgl-3.3.1-natives-windows-x86.jar;C:\Users\R3nny\.m2\repository\org\lwjgl\lwjgl-glfw\3.3.1\lwjgl-glfw-3.3.1.jar;C:\Users\R3nny\.m2\repository\org\lwjgl\lwjgl-glfw\3.3.1\lwjgl-glfw-3.3.1-natives-linux.jar;C:\Users\R3nny\.m2\repository\org\lwjgl\lwjgl-glfw\3.3.1\lwjgl-glfw-3.3.1-natives-linux-arm32.jar;C:\Users\R3nny\.m2\repository\org\lwjgl\lwjgl-glfw\3.3.1\lwjgl-
Launcher Type: SUN_STANDARD

[Global flags]
     intx CICompilerCount                          = 3                                         {product} {ergonomic}
     uint ConcGCThreads                            = 1                                         {product} {ergonomic}
     uint G1ConcRefinementThreads                  = 4                                         {product} {ergonomic}
   size_t G1HeapRegionSize                         = 1048576                                   {product} {ergonomic}
    uintx GCDrainStackTargetSize                   = 64                                        {product} {ergonomic}
   size_t InitialHeapSize                          = 130023424                                 {product} {ergonomic}
   size_t MarkStackSize                            = 4194304                                   {product} {ergonomic}
   size_t MaxHeapSize                              = 2055208960                                {product} {ergonomic}
   size_t MaxNewSize                               = 1233125376                                {product} {ergonomic}
   size_t MinHeapDeltaBytes                        = 1048576                                   {product} {ergonomic}
   size_t MinHeapSize                              = 8388608                                   {product} {ergonomic}
    uintx NonNMethodCodeHeapSize                   = 5832780                                {pd product} {ergonomic}
    uintx NonProfiledCodeHeapSize                  = 122912730                              {pd product} {ergonomic}
    uintx ProfiledCodeHeapSize                     = 122912730                              {pd product} {ergonomic}
    uintx ReservedCodeCacheSize                    = 251658240                              {pd product} {ergonomic}
     bool SegmentedCodeCache                       = true                                      {product} {ergonomic}
   size_t SoftMaxHeapSize                          = 2055208960                             {manageable} {ergonomic}
     bool UseCompressedClassPointers               = true                           {product lp64_product} {ergonomic}
     bool UseCompressedOops                        = true                           {product lp64_product} {ergonomic}
     bool UseG1GC                                  = true                                      {product} {ergonomic}
     bool UseLargePagesIndividualAllocation        = false                                  {pd product} {ergonomic}

Logging:
Log output configuration:
 #0: stdout all=off uptime,level,tags
 #1: stderr all=off uptime,level,tags

Environment Variables:
PATH=C:\Windows\system32;C:\Windows;C:\Windows\System32\Wbem;C:\Windows\System32\WindowsPowerShell\v1.0\;C:\Windows\System32\OpenSSH\;C:\Program Files\Docker\Docker\resources\bin;C:\Program Files\Git\cmd;C:\Users\R3nny\AppData\Local\Microsoft\WindowsApps;C:\Program Files\JetBrains\IntelliJ IDEA 2022.2.3\bin;C:\Users\R3nny\AppData\Local\JetBrains\Toolbox\scripts;
USERNAME=R3nny
OS=Windows_NT
PROCESSOR_IDENTIFIER=Intel64 Family 6 Model 140 Stepping 1, GenuineIntel
TMP=C:\Users\R3nny\AppData\Local\Temp
TEMP=C:\Users\R3nny\AppData\Local\Temp



---------------  S Y S T E M  ---------------

OS:
 Windows 11 , 64 bit Build 22621 (10.0.22621.317)
OS uptime: 0 days 0:57 hours
Hyper-V role detected

CPU: total 4 (initial active 4) (2 cores per cpu, 2 threads per core) family 6 model 140 stepping 1 microcode 0x8a, cx8, cmov, fxsr, ht, mmx, 3dnowpref, sse, sse2, sse3, ssse3, sse4.1, sse4.2, popcnt, lzcnt, tsc, tscinvbit, avx, avx2, aes, erms, clmul, bmi1, bmi2, adx, avx512f, avx512dq, avx512cd, avx512bw, avx512vl, sha, fma, vzeroupper, avx512_vpopcntdq, avx512_vpclmulqdq, avx512_vaes, avx512_vnni, clflush, clflushopt, clwb, avx512_vbmi2, avx512_vbmi, hv

Memory: 4k page, system-wide physical 7834M (557M free)
TotalPageFile size 14731M (AvailPageFile size 2332M)
current process WorkingSet (physical memory assigned to process): 256M, peak: 275M
current process commit charge ("private bytes"): 377M, peak: 392M

vm_info: OpenJDK 64-Bit Server VM (17.0.5+8-LTS) for windows-amd64 JRE (17.0.5+8-LTS), built on Oct 13 2022 05:18:14 by "Administrator" with MS VC++ 15.9 (VS2017)

END.
