#
# A fatal error has been detected by the Java Runtime Environment:
#
#  EXCEPTION_ACCESS_VIOLATION (0xc0000005) at pc=0x00007ffe567ecf2c, pid=14568, tid=14084
#
# JRE version: OpenJDK Runtime Environment Corretto-17.0.5.8.1 (17.0.5+8) (build 17.0.5+8-LTS)
# Java VM: OpenJDK 64-Bit Server VM Corretto-17.0.5.8.1 (17.0.5+8-LTS, mixed mode, sharing, tiered, compressed oops, compressed class ptrs, g1 gc, windows-amd64)
# Problematic frame:
# C  [igxelpicd64.dll+0x30cf2c]
#
# No core dump will be written. Minidumps are not enabled by default on client versions of Windows
#
# If you would like to submit a bug report, please visit:
#   https://github.com/corretto/corretto-17/issues/
#

---------------  S U M M A R Y ------------

Command Line: -agentlib:jdwp=transport=dt_socket,address=127.0.0.1:51583,suspend=y,server=n -javaagent:C:\Users\R3nny\AppData\Local\JetBrains\IntelliJIdea2022.2\captureAgent\debugger-agent.jar -Dfile.encoding=UTF-8 com.r3nny.seabatlle.client.DesktopLauncher

Host: Intel(R) Pentium(R) Gold 7505 @ 2.00GHz, 4 cores, 7G,  Windows 11 , 64 bit Build 22621 (10.0.22621.755)
Time: Tue Nov 15 14:22:50 2022 RTZ 2 (s 11 , 64 bit Build 22621 (10.0.22621.755) elapsed time: 116.314790 seconds (0d 0h 1m 56s)

---------------  T H R E A D  ---------------

Current thread (0x00000177fe112010):  VMThread "VM Thread" [stack: 0x0000001222200000,0x0000001222300000] [id=14084]

Stack: [0x0000001222200000,0x0000001222300000],  sp=0x00000012222fe380,  free space=1016k
Native frames: (J=compiled Java code, j=interpreted, Vv=VM code, C=native code)
C  [igxelpicd64.dll+0x30cf2c]


siginfo: EXCEPTION_ACCESS_VIOLATION (0xc0000005), reading address 0x00000000000356f8


Register to memory mapping:

RIP=0x00007ffe567ecf2c igxelpicd64.dll
RAX=0x0000017798521a90 points into unknown readable memory: 0x0000000000033a49 | 49 3a 03 00 00 00 00 00
RBX=0x00000177815c7710 points into unknown readable memory: 0xffffffffffffffff | ff ff ff ff ff ff ff ff
RCX=0x0 is NULL
RDX=0x0 is NULL
RSP=0x00000012222fe380 points into unknown readable memory: 0x00000177815c7710 | 10 77 5c 81 77 01 00 00
RBP=0x0000000000000016 is an unknown value
RSI=0x0000017781992820 points into unknown readable memory: 0x00000177815f4c00 | 00 4c 5f 81 77 01 00 00
RDI=0x0 is NULL
R8 =0x0000000000000014 is an unknown value
R9 =0x0 is NULL
R10=0x0 is NULL
R11=0x0000000000000246 is an unknown value
R12=0x0000017798521f58 points into unknown readable memory: 0x0000000000000000 | 00 00 00 00 00 00 00 00
R13=0x0 is NULL
R14=0x0000017798521990 points into unknown readable memory: 0x00000177ff720cd0 | d0 0c 72 ff 77 01 00 00
R15=0x0 is NULL


Registers:
RAX=0x0000017798521a90, RBX=0x00000177815c7710, RCX=0x0000000000000000, RDX=0x0000000000000000
RSP=0x00000012222fe380, RBP=0x0000000000000016, RSI=0x0000017781992820, RDI=0x0000000000000000
R8 =0x0000000000000014, R9 =0x0000000000000000, R10=0x0000000000000000, R11=0x0000000000000246
R12=0x0000017798521f58, R13=0x0000000000000000, R14=0x0000017798521990, R15=0x0000000000000000
RIP=0x00007ffe567ecf2c, EFLAGS=0x0000000000010206

Top of Stack: (sp=0x00000012222fe380)
0x00000012222fe380:   00000177815c7710 00007ffed56b41a9
0x00000012222fe390:   00000012222fe418 0000000000000000
0x00000012222fe3a0:   0000000000000054 00000177815c7710
0x00000012222fe3b0:   021266b501671bb5 00007ffed7432e44
0x00000012222fe3c0:   023ee2b70263d2b7 00f31ab9009702b8
0x00000012222fe3d0:   026e3bba022ab9b9 00000177818bddb8
0x00000012222fe3e0:   0000000000033a4e 0000000000000000
0x00000012222fe3f0:   0000000000000014 0000000000000000
0x00000012222fe400:   0000000000000000 00000012222fe520
0x00000012222fe410:   0000017781992820 00007ffe566cd62c
0x00000012222fe420:   0000017700000016 0000000000000000
0x00000012222fe430:   00816dc300a33e00 02743ac400f39900
0x00000012222fe440:   000000120000cfb0 0000b802195e0000
0x00000012222fe450:   0000000000000000 0239b8c802595cc8
0x00000012222fe460:   022e07ca009738c9 024d47cb00b723ca
0x00000012222fe470:   00da74cb023353cb 00efefcc005649cc 

Instructions: (pc=0x00007ffe567ecf2c)
0x00007ffe567ece2c:   41 bf 20 00 00 00 48 8b 04 38 4d 8b 3c 07 0f b6
0x00007ffe567ece3c:   bc 24 b0 00 00 00 4c 3b 3d f7 b6 c3 00 41 0f 44
0x00007ffe567ece4c:   e9 89 ac 24 a0 00 00 00 48 85 c9 0f 84 d4 07 00
0x00007ffe567ece5c:   00 0f 1f 00 4c 8b f1 4c 8d a1 c8 05 00 00 49 8b
0x00007ffe567ece6c:   04 24 48 89 84 24 a8 00 00 00 40 84 ff 74 10 48
0x00007ffe567ece7c:   8b d1 48 8b 09 e8 0a 49 ee ff e9 4f 07 00 00 8b
0x00007ffe567ece8c:   96 c8 01 00 00 48 8b 05 78 9a b3 00 83 b8 64 03
0x00007ffe567ece9c:   00 00 02 0f 85 18 02 00 00 83 fa 10 73 0e 48 8d
0x00007ffe567eceac:   42 04 48 8d 04 c2 48 8d 04 c1 eb 60 8d 4a f0 8b
0x00007ffe567ecebc:   c1 c1 e8 04 83 f8 03 73 1d 0f ae e8 83 e1 0f 4d
0x00007ffe567ececc:   8b 84 c6 80 05 00 00 4d 85 c0 74 25 48 8d 0c c9
0x00007ffe567ecedc:   49 8d 04 c8 eb 36 49 8b 86 98 05 00 00 48 85 c0
0x00007ffe567eceec:   74 0f 66 90 39 10 74 2f 48 8b 40 50 48 85 c0 75
0x00007ffe567ecefc:   f3 41 80 be a0 05 00 00 00 74 22 8b c2 83 e0 0f
0x00007ffe567ecf0c:   48 8d 04 c0 48 8d 40 20 49 8d 04 c6 48 85 c0 74
0x00007ffe567ecf1c:   0c 48 8b 48 08 eb 09 48 83 c0 08 eb ef 49 8b c9
0x00007ffe567ecf2c:   49 3b 8f f8 56 03 00 0f 86 84 01 00 00 83 fa 10
0x00007ffe567ecf3c:   73 0a 48 8d 42 04 48 8d 04 c2 eb 5c 8d 4a f0 8b
0x00007ffe567ecf4c:   c1 c1 e8 04 83 f8 03 73 1d 0f ae e8 83 e1 0f 4d
0x00007ffe567ecf5c:   8b 84 c6 80 05 00 00 4d 85 c0 74 25 48 8d 0c c9
0x00007ffe567ecf6c:   49 8d 04 c8 eb 36 49 8b 86 98 05 00 00 48 85 c0
0x00007ffe567ecf7c:   74 0f 66 90 39 10 74 2f 48 8b 40 50 48 85 c0 75
0x00007ffe567ecf8c:   f3 41 80 be a0 05 00 00 00 74 22 8b c2 83 e0 0f
0x00007ffe567ecf9c:   48 8d 04 c0 48 8d 40 20 49 8d 04 c6 48 85 c0 74
0x00007ffe567ecfac:   0c 48 8b 48 08 eb 09 48 83 c0 08 eb ef 49 8b c9
0x00007ffe567ecfbc:   49 3b 8e 40 06 00 00 0f 86 f4 00 00 00 48 8b 86
0x00007ffe567ecfcc:   78 02 00 00 49 89 04 24 4c 89 b6 78 02 00 00 ff
0x00007ffe567ecfdc:   86 80 02 00 00 49 8b 46 08 48 8b 88 18 01 00 00
0x00007ffe567ecfec:   48 81 e1 00 00 ff ff 48 81 c1 00 00 01 00 48 01
0x00007ffe567ecffc:   8e 88 02 00 00 ba 01 00 00 00 49 8b 4e 08 e8 b1
0x00007ffe567ed00c:   91 d4 ff 48 01 86 98 02 00 00 85 ed 74 75 49 8b
0x00007ffe567ed01c:   9f 58 4f 03 00 0f 57 c0 f3 0f 7f 44 24 30 c7 44 


Stack slot to memory mapping:
stack at sp + 0 slots: 0x00000177815c7710 points into unknown readable memory: 0xffffffffffffffff | ff ff ff ff ff ff ff ff
stack at sp + 1 slots: 0x00007ffed56b41a9 USER32.dll
stack at sp + 2 slots: 0x00000012222fe418 points into unknown readable memory: 0x00007ffe566cd62c | 2c d6 6c 56 fe 7f 00 00
stack at sp + 3 slots: 0x0 is NULL
stack at sp + 4 slots: 0x0000000000000054 is an unknown value
stack at sp + 5 slots: 0x00000177815c7710 points into unknown readable memory: 0xffffffffffffffff | ff ff ff ff ff ff ff ff
stack at sp + 6 slots: 0x021266b501671bb5 is an unknown value
stack at sp + 7 slots: 0x00007ffed7432e44 ntdll.dll

VM_Operation (0x00000012219ff510): Exit, mode: safepoint, requested by thread 0x00000177fedaed10


---------------  P R O C E S S  ---------------

Threads class SMR info:
_java_thread_list=0x0000017790cc8cf0, length=16, elements={
0x00000177de8fe0e0, 0x00000177fe1158c0, 0x00000177fe116180, 0x00000177fe12c5a0,
0x00000177fe12ce60, 0x00000177fe12d720, 0x00000177fe12dfe0, 0x00000177fe12ec80,
0x00000177fe15e9c0, 0x00000177fec5b540, 0x00000177fec81340, 0x00000177fedd8750,
0x00000177fede8760, 0x0000017781f8e0b0, 0x0000017781c4d180, 0x00000177fedaed10
}

Java Threads: ( => current thread )
  0x00000177de8fe0e0 JavaThread "main" [_thread_blocked, id=1796, stack(0x0000001221c00000,0x0000001221d00000)]
  0x00000177fe1158c0 JavaThread "Reference Handler" daemon [_thread_blocked, id=10036, stack(0x0000001222300000,0x0000001222400000)]
  0x00000177fe116180 JavaThread "Finalizer" daemon [_thread_blocked, id=5348, stack(0x0000001222400000,0x0000001222500000)]
  0x00000177fe12c5a0 JavaThread "Signal Dispatcher" daemon [_thread_blocked, id=4776, stack(0x0000001222500000,0x0000001222600000)]
  0x00000177fe12ce60 JavaThread "Attach Listener" daemon [_thread_blocked, id=2740, stack(0x0000001222600000,0x0000001222700000)]
  0x00000177fe12d720 JavaThread "Service Thread" daemon [_thread_blocked, id=13352, stack(0x0000001222700000,0x0000001222800000)]
  0x00000177fe12dfe0 JavaThread "Monitor Deflation Thread" daemon [_thread_blocked, id=7440, stack(0x0000001222800000,0x0000001222900000)]
  0x00000177fe12ec80 JavaThread "C2 CompilerThread0" daemon [_thread_blocked, id=1068, stack(0x0000001222900000,0x0000001222a00000)]
  0x00000177fe15e9c0 JavaThread "C1 CompilerThread0" daemon [_thread_blocked, id=7436, stack(0x0000001222a00000,0x0000001222b00000)]
  0x00000177fec5b540 JavaThread "Sweeper thread" daemon [_thread_blocked, id=4992, stack(0x0000001222b00000,0x0000001222c00000)]
  0x00000177fec81340 JavaThread "Common-Cleaner" daemon [_thread_blocked, id=6660, stack(0x0000001222c00000,0x0000001222d00000)]
  0x00000177fedd8750 JavaThread "JDWP Event Helper Thread" daemon [_thread_blocked, id=5712, stack(0x0000001222e00000,0x0000001222f00000)]
  0x00000177fede8760 JavaThread "Notification Thread" daemon [_thread_blocked, id=13444, stack(0x0000001223000000,0x0000001223100000)]
  0x0000017781f8e0b0 JavaThread "LWJGL3 Timer" daemon [_thread_blocked, id=12508, stack(0x0000001223e00000,0x0000001223f00000)]
  0x0000017781c4d180 JavaThread "AssetManager" daemon [_thread_blocked, id=16440, stack(0x0000001223d00000,0x0000001223e00000)]
  0x00000177fedaed10 JavaThread "SIGINT handler" daemon [_thread_blocked, id=16864, stack(0x0000001221900000,0x0000001221a00000)]

Other Threads:
=>0x00000177fe112010 VMThread "VM Thread" [stack: 0x0000001222200000,0x0000001222300000] [id=14084]
  0x00000177de9585d0 GCTaskThread "GC Thread#0" [stack: 0x0000001221d00000,0x0000001221e00000] [id=14300]
  0x00000177ff40a280 GCTaskThread "GC Thread#1" [stack: 0x0000001223500000,0x0000001223600000] [id=14260]
  0x00000177ff4075d0 GCTaskThread "GC Thread#2" [stack: 0x0000001223600000,0x0000001223700000] [id=3080]
  0x00000177ff407880 GCTaskThread "GC Thread#3" [stack: 0x0000001223700000,0x0000001223800000] [id=7836]
  0x00000177de968b70 ConcurrentGCThread "G1 Main Marker" terminated
  0x00000177de969dc0 ConcurrentGCThread "G1 Conc#0" [stack: 0x0000001221f00000,0x0000001222000000] [id=6372]
  0x00000177de9be2d0 ConcurrentGCThread "G1 Refine#0" terminated
  0x00000177de9be9a0 ConcurrentGCThread "G1 Service" terminated

Threads with active compile tasks:

VM state: at safepoint (shutting down)

VM Mutex/Monitor currently owned by a thread:  ([mutex/lock_event])
[0x00000177de8fb400] Threads_lock - owner thread: 0x00000177fe112010
[0x00000177de8f9990] Heap_lock - owner thread: 0x00000177fedaed10

Heap address: 0x0000000085800000, size: 1960 MB, Compressed Oops mode: 32-bit

CDS archive(s) mapped at: [0x0000000800000000-0x0000000800bc0000-0x0000000800bc0000), size 12320768, SharedBaseAddress: 0x0000000800000000, ArchiveRelocationMode: 0.
Compressed class space mapped at: 0x0000000800c00000-0x0000000840c00000, reserved size: 1073741824
Narrow klass base: 0x0000000800000000, Narrow klass shift: 0, Narrow klass range: 0x100000000

GC Precious Log:
 CPUs: 4 total, 4 available
 Memory: 7834M
 Large Page Support: Disabled
 NUMA Support: Disabled
 Compressed Oops: Enabled (32-bit)
 Heap Region Size: 1M
 Heap Min Capacity: 8M
 Heap Initial Capacity: 124M
 Heap Max Capacity: 1960M
 Pre-touch: Disabled
 Parallel Workers: 4
 Concurrent Workers: 1
 Concurrent Refinement Workers: 4
 Periodic GC: Disabled

Heap:
 garbage-first heap   total 126976K, used 36892K [0x0000000085800000, 0x0000000100000000)
  region size 1024K, 35 young (35840K), 1 survivors (1024K)
 Metaspace       used 9207K, committed 9472K, reserved 1064960K
  class space    used 730K, committed 832K, reserved 1048576K

Heap Regions: E=young(eden), S=young(survivor), O=old, HS=humongous(starts), HC=humongous(continues), CS=collection set, F=free, OA=open archive, CA=closed archive, TAMS=top-at-mark-start (previous, next)
|   0|0x0000000085800000, 0x0000000085900000, 0x0000000085900000|100%| O|  |TAMS 0x0000000085800000, 0x0000000085800000| Untracked 
|   1|0x0000000085900000, 0x0000000085900000, 0x0000000085a00000|  0%| F|  |TAMS 0x0000000085900000, 0x0000000085900000| Untracked 
|   2|0x0000000085a00000, 0x0000000085a00000, 0x0000000085b00000|  0%| F|  |TAMS 0x0000000085a00000, 0x0000000085a00000| Untracked 
|   3|0x0000000085b00000, 0x0000000085b00000, 0x0000000085c00000|  0%| F|  |TAMS 0x0000000085b00000, 0x0000000085b00000| Untracked 
|   4|0x0000000085c00000, 0x0000000085c00000, 0x0000000085d00000|  0%| F|  |TAMS 0x0000000085c00000, 0x0000000085c00000| Untracked 
|   5|0x0000000085d00000, 0x0000000085d00000, 0x0000000085e00000|  0%| F|  |TAMS 0x0000000085d00000, 0x0000000085d00000| Untracked 
|   6|0x0000000085e00000, 0x0000000085e00000, 0x0000000085f00000|  0%| F|  |TAMS 0x0000000085e00000, 0x0000000085e00000| Untracked 
|   7|0x0000000085f00000, 0x0000000086000000, 0x0000000086000000|100%| O|  |TAMS 0x0000000085f00000, 0x0000000085f00000| Untracked 
|   8|0x0000000086000000, 0x0000000086100000, 0x0000000086100000|100%| O|  |TAMS 0x0000000086000000, 0x0000000086000000| Untracked 
|   9|0x0000000086100000, 0x0000000086113800, 0x0000000086200000|  7%| O|  |TAMS 0x0000000086100000, 0x0000000086100000| Untracked 
|  10|0x0000000086200000, 0x0000000086200000, 0x0000000086300000|  0%| F|  |TAMS 0x0000000086200000, 0x0000000086200000| Untracked 
|  11|0x0000000086300000, 0x0000000086300000, 0x0000000086400000|  0%| F|  |TAMS 0x0000000086300000, 0x0000000086300000| Untracked 
|  12|0x0000000086400000, 0x0000000086400000, 0x0000000086500000|  0%| F|  |TAMS 0x0000000086400000, 0x0000000086400000| Untracked 
|  13|0x0000000086500000, 0x0000000086500000, 0x0000000086600000|  0%| F|  |TAMS 0x0000000086500000, 0x0000000086500000| Untracked 
|  14|0x0000000086600000, 0x0000000086600000, 0x0000000086700000|  0%| F|  |TAMS 0x0000000086600000, 0x0000000086600000| Untracked 
|  15|0x0000000086700000, 0x0000000086700000, 0x0000000086800000|  0%| F|  |TAMS 0x0000000086700000, 0x0000000086700000| Untracked 
|  16|0x0000000086800000, 0x0000000086800000, 0x0000000086900000|  0%| F|  |TAMS 0x0000000086800000, 0x0000000086800000| Untracked 
|  17|0x0000000086900000, 0x0000000086900000, 0x0000000086a00000|  0%| F|  |TAMS 0x0000000086900000, 0x0000000086900000| Untracked 
|  18|0x0000000086a00000, 0x0000000086a00000, 0x0000000086b00000|  0%| F|  |TAMS 0x0000000086a00000, 0x0000000086a00000| Untracked 
|  19|0x0000000086b00000, 0x0000000086b00000, 0x0000000086c00000|  0%| F|  |TAMS 0x0000000086b00000, 0x0000000086b00000| Untracked 
|  20|0x0000000086c00000, 0x0000000086c00000, 0x0000000086d00000|  0%| F|  |TAMS 0x0000000086c00000, 0x0000000086c00000| Untracked 
|  21|0x0000000086d00000, 0x0000000086d00000, 0x0000000086e00000|  0%| F|  |TAMS 0x0000000086d00000, 0x0000000086d00000| Untracked 
|  22|0x0000000086e00000, 0x0000000086e00000, 0x0000000086f00000|  0%| F|  |TAMS 0x0000000086e00000, 0x0000000086e00000| Untracked 
|  23|0x0000000086f00000, 0x0000000086f00000, 0x0000000087000000|  0%| F|  |TAMS 0x0000000086f00000, 0x0000000086f00000| Untracked 
|  24|0x0000000087000000, 0x0000000087000000, 0x0000000087100000|  0%| F|  |TAMS 0x0000000087000000, 0x0000000087000000| Untracked 
|  25|0x0000000087100000, 0x0000000087100000, 0x0000000087200000|  0%| F|  |TAMS 0x0000000087100000, 0x0000000087100000| Untracked 
|  26|0x0000000087200000, 0x0000000087200000, 0x0000000087300000|  0%| F|  |TAMS 0x0000000087200000, 0x0000000087200000| Untracked 
|  27|0x0000000087300000, 0x0000000087300000, 0x0000000087400000|  0%| F|  |TAMS 0x0000000087300000, 0x0000000087300000| Untracked 
|  28|0x0000000087400000, 0x0000000087400000, 0x0000000087500000|  0%| F|  |TAMS 0x0000000087400000, 0x0000000087400000| Untracked 
|  29|0x0000000087500000, 0x0000000087500000, 0x0000000087600000|  0%| F|  |TAMS 0x0000000087500000, 0x0000000087500000| Untracked 
|  30|0x0000000087600000, 0x0000000087600000, 0x0000000087700000|  0%| F|  |TAMS 0x0000000087600000, 0x0000000087600000| Untracked 
|  31|0x0000000087700000, 0x0000000087700000, 0x0000000087800000|  0%| F|  |TAMS 0x0000000087700000, 0x0000000087700000| Untracked 
|  32|0x0000000087800000, 0x0000000087800000, 0x0000000087900000|  0%| F|  |TAMS 0x0000000087800000, 0x0000000087800000| Untracked 
|  33|0x0000000087900000, 0x0000000087900000, 0x0000000087a00000|  0%| F|  |TAMS 0x0000000087900000, 0x0000000087900000| Untracked 
|  34|0x0000000087a00000, 0x0000000087a00000, 0x0000000087b00000|  0%| F|  |TAMS 0x0000000087a00000, 0x0000000087a00000| Untracked 
|  35|0x0000000087b00000, 0x0000000087b00000, 0x0000000087c00000|  0%| F|  |TAMS 0x0000000087b00000, 0x0000000087b00000| Untracked 
|  36|0x0000000087c00000, 0x0000000087c00000, 0x0000000087d00000|  0%| F|  |TAMS 0x0000000087c00000, 0x0000000087c00000| Untracked 
|  37|0x0000000087d00000, 0x0000000087d00000, 0x0000000087e00000|  0%| F|  |TAMS 0x0000000087d00000, 0x0000000087d00000| Untracked 
|  38|0x0000000087e00000, 0x0000000087e00000, 0x0000000087f00000|  0%| F|  |TAMS 0x0000000087e00000, 0x0000000087e00000| Untracked 
|  39|0x0000000087f00000, 0x0000000087f00000, 0x0000000088000000|  0%| F|  |TAMS 0x0000000087f00000, 0x0000000087f00000| Untracked 
|  40|0x0000000088000000, 0x0000000088000000, 0x0000000088100000|  0%| F|  |TAMS 0x0000000088000000, 0x0000000088000000| Untracked 
|  41|0x0000000088100000, 0x0000000088100000, 0x0000000088200000|  0%| F|  |TAMS 0x0000000088100000, 0x0000000088100000| Untracked 
|  42|0x0000000088200000, 0x0000000088200000, 0x0000000088300000|  0%| F|  |TAMS 0x0000000088200000, 0x0000000088200000| Untracked 
|  43|0x0000000088300000, 0x0000000088300000, 0x0000000088400000|  0%| F|  |TAMS 0x0000000088300000, 0x0000000088300000| Untracked 
|  44|0x0000000088400000, 0x0000000088400000, 0x0000000088500000|  0%| F|  |TAMS 0x0000000088400000, 0x0000000088400000| Untracked 
|  45|0x0000000088500000, 0x0000000088500000, 0x0000000088600000|  0%| F|  |TAMS 0x0000000088500000, 0x0000000088500000| Untracked 
|  46|0x0000000088600000, 0x0000000088600000, 0x0000000088700000|  0%| F|  |TAMS 0x0000000088600000, 0x0000000088600000| Untracked 
|  47|0x0000000088700000, 0x0000000088700000, 0x0000000088800000|  0%| F|  |TAMS 0x0000000088700000, 0x0000000088700000| Untracked 
|  48|0x0000000088800000, 0x0000000088800000, 0x0000000088900000|  0%| F|  |TAMS 0x0000000088800000, 0x0000000088800000| Untracked 
|  49|0x0000000088900000, 0x0000000088900000, 0x0000000088a00000|  0%| F|  |TAMS 0x0000000088900000, 0x0000000088900000| Untracked 
|  50|0x0000000088a00000, 0x0000000088a00000, 0x0000000088b00000|  0%| F|  |TAMS 0x0000000088a00000, 0x0000000088a00000| Untracked 
|  51|0x0000000088b00000, 0x0000000088b00000, 0x0000000088c00000|  0%| F|  |TAMS 0x0000000088b00000, 0x0000000088b00000| Untracked 
|  52|0x0000000088c00000, 0x0000000088c00000, 0x0000000088d00000|  0%| F|  |TAMS 0x0000000088c00000, 0x0000000088c00000| Untracked 
|  53|0x0000000088d00000, 0x0000000088d00000, 0x0000000088e00000|  0%| F|  |TAMS 0x0000000088d00000, 0x0000000088d00000| Untracked 
|  54|0x0000000088e00000, 0x0000000088e00000, 0x0000000088f00000|  0%| F|  |TAMS 0x0000000088e00000, 0x0000000088e00000| Untracked 
|  55|0x0000000088f00000, 0x0000000088f00000, 0x0000000089000000|  0%| F|  |TAMS 0x0000000088f00000, 0x0000000088f00000| Untracked 
|  56|0x0000000089000000, 0x0000000089000000, 0x0000000089100000|  0%| F|  |TAMS 0x0000000089000000, 0x0000000089000000| Untracked 
|  57|0x0000000089100000, 0x0000000089100000, 0x0000000089200000|  0%| F|  |TAMS 0x0000000089100000, 0x0000000089100000| Untracked 
|  58|0x0000000089200000, 0x0000000089200000, 0x0000000089300000|  0%| F|  |TAMS 0x0000000089200000, 0x0000000089200000| Untracked 
|  59|0x0000000089300000, 0x0000000089300000, 0x0000000089400000|  0%| F|  |TAMS 0x0000000089300000, 0x0000000089300000| Untracked 
|  60|0x0000000089400000, 0x0000000089400000, 0x0000000089500000|  0%| F|  |TAMS 0x0000000089400000, 0x0000000089400000| Untracked 
|  61|0x0000000089500000, 0x0000000089500000, 0x0000000089600000|  0%| F|  |TAMS 0x0000000089500000, 0x0000000089500000| Untracked 
|  62|0x0000000089600000, 0x0000000089600000, 0x0000000089700000|  0%| F|  |TAMS 0x0000000089600000, 0x0000000089600000| Untracked 
|  63|0x0000000089700000, 0x0000000089700000, 0x0000000089800000|  0%| F|  |TAMS 0x0000000089700000, 0x0000000089700000| Untracked 
|  64|0x0000000089800000, 0x0000000089800000, 0x0000000089900000|  0%| F|  |TAMS 0x0000000089800000, 0x0000000089800000| Untracked 
|  65|0x0000000089900000, 0x0000000089900000, 0x0000000089a00000|  0%| F|  |TAMS 0x0000000089900000, 0x0000000089900000| Untracked 
|  66|0x0000000089a00000, 0x0000000089a00000, 0x0000000089b00000|  0%| F|  |TAMS 0x0000000089a00000, 0x0000000089a00000| Untracked 
|  67|0x0000000089b00000, 0x0000000089b00000, 0x0000000089c00000|  0%| F|  |TAMS 0x0000000089b00000, 0x0000000089b00000| Untracked 
|  68|0x0000000089c00000, 0x0000000089c00000, 0x0000000089d00000|  0%| F|  |TAMS 0x0000000089c00000, 0x0000000089c00000| Untracked 
|  69|0x0000000089d00000, 0x0000000089d00000, 0x0000000089e00000|  0%| F|  |TAMS 0x0000000089d00000, 0x0000000089d00000| Untracked 
|  70|0x0000000089e00000, 0x0000000089e00000, 0x0000000089f00000|  0%| F|  |TAMS 0x0000000089e00000, 0x0000000089e00000| Untracked 
|  71|0x0000000089f00000, 0x0000000089f00000, 0x000000008a000000|  0%| F|  |TAMS 0x0000000089f00000, 0x0000000089f00000| Untracked 
|  72|0x000000008a000000, 0x000000008a000000, 0x000000008a100000|  0%| F|  |TAMS 0x000000008a000000, 0x000000008a000000| Untracked 
|  73|0x000000008a100000, 0x000000008a100000, 0x000000008a200000|  0%| F|  |TAMS 0x000000008a100000, 0x000000008a100000| Untracked 
|  74|0x000000008a200000, 0x000000008a200000, 0x000000008a300000|  0%| F|  |TAMS 0x000000008a200000, 0x000000008a200000| Untracked 
|  75|0x000000008a300000, 0x000000008a300000, 0x000000008a400000|  0%| F|  |TAMS 0x000000008a300000, 0x000000008a300000| Untracked 
|  76|0x000000008a400000, 0x000000008a400000, 0x000000008a500000|  0%| F|  |TAMS 0x000000008a400000, 0x000000008a400000| Untracked 
|  77|0x000000008a500000, 0x000000008a500000, 0x000000008a600000|  0%| F|  |TAMS 0x000000008a500000, 0x000000008a500000| Untracked 
|  78|0x000000008a600000, 0x000000008a600000, 0x000000008a700000|  0%| F|  |TAMS 0x000000008a600000, 0x000000008a600000| Untracked 
|  79|0x000000008a700000, 0x000000008a700000, 0x000000008a800000|  0%| F|  |TAMS 0x000000008a700000, 0x000000008a700000| Untracked 
|  80|0x000000008a800000, 0x000000008a800000, 0x000000008a900000|  0%| F|  |TAMS 0x000000008a800000, 0x000000008a800000| Untracked 
|  81|0x000000008a900000, 0x000000008a900000, 0x000000008aa00000|  0%| F|  |TAMS 0x000000008a900000, 0x000000008a900000| Untracked 
|  82|0x000000008aa00000, 0x000000008aa00000, 0x000000008ab00000|  0%| F|  |TAMS 0x000000008aa00000, 0x000000008aa00000| Untracked 
|  83|0x000000008ab00000, 0x000000008ab00000, 0x000000008ac00000|  0%| F|  |TAMS 0x000000008ab00000, 0x000000008ab00000| Untracked 
|  84|0x000000008ac00000, 0x000000008ac00000, 0x000000008ad00000|  0%| F|  |TAMS 0x000000008ac00000, 0x000000008ac00000| Untracked 
|  85|0x000000008ad00000, 0x000000008ad00000, 0x000000008ae00000|  0%| F|  |TAMS 0x000000008ad00000, 0x000000008ad00000| Untracked 
|  86|0x000000008ae00000, 0x000000008ae00000, 0x000000008af00000|  0%| F|  |TAMS 0x000000008ae00000, 0x000000008ae00000| Untracked 
|  87|0x000000008af00000, 0x000000008af00000, 0x000000008b000000|  0%| F|  |TAMS 0x000000008af00000, 0x000000008af00000| Untracked 
|  88|0x000000008b000000, 0x000000008b000000, 0x000000008b100000|  0%| F|  |TAMS 0x000000008b000000, 0x000000008b000000| Untracked 
|  89|0x000000008b100000, 0x000000008b1fd178, 0x000000008b200000| 98%| E|  |TAMS 0x000000008b100000, 0x000000008b100000| Complete 
|  90|0x000000008b200000, 0x000000008b300000, 0x000000008b300000|100%| E|CS|TAMS 0x000000008b200000, 0x000000008b200000| Complete 
|  91|0x000000008b300000, 0x000000008b400000, 0x000000008b400000|100%| E|CS|TAMS 0x000000008b300000, 0x000000008b300000| Complete 
|  92|0x000000008b400000, 0x000000008b500000, 0x000000008b500000|100%| E|CS|TAMS 0x000000008b400000, 0x000000008b400000| Complete 
|  93|0x000000008b500000, 0x000000008b600000, 0x000000008b600000|100%| E|CS|TAMS 0x000000008b500000, 0x000000008b500000| Complete 
|  94|0x000000008b600000, 0x000000008b700000, 0x000000008b700000|100%| E|CS|TAMS 0x000000008b600000, 0x000000008b600000| Complete 
|  95|0x000000008b700000, 0x000000008b800000, 0x000000008b800000|100%| E|  |TAMS 0x000000008b700000, 0x000000008b700000| Complete 
|  96|0x000000008b800000, 0x000000008b900000, 0x000000008b900000|100%| E|CS|TAMS 0x000000008b800000, 0x000000008b800000| Complete 
|  97|0x000000008b900000, 0x000000008ba00000, 0x000000008ba00000|100%| E|CS|TAMS 0x000000008b900000, 0x000000008b900000| Complete 
|  98|0x000000008ba00000, 0x000000008bb00000, 0x000000008bb00000|100%| E|CS|TAMS 0x000000008ba00000, 0x000000008ba00000| Complete 
|  99|0x000000008bb00000, 0x000000008bc00000, 0x000000008bc00000|100%| E|CS|TAMS 0x000000008bb00000, 0x000000008bb00000| Complete 
| 100|0x000000008bc00000, 0x000000008bd00000, 0x000000008bd00000|100%| E|CS|TAMS 0x000000008bc00000, 0x000000008bc00000| Complete 
| 101|0x000000008bd00000, 0x000000008be00000, 0x000000008be00000|100%| E|CS|TAMS 0x000000008bd00000, 0x000000008bd00000| Complete 
| 102|0x000000008be00000, 0x000000008bf00000, 0x000000008bf00000|100%| E|CS|TAMS 0x000000008be00000, 0x000000008be00000| Complete 
| 103|0x000000008bf00000, 0x000000008c000000, 0x000000008c000000|100%| E|CS|TAMS 0x000000008bf00000, 0x000000008bf00000| Complete 
| 104|0x000000008c000000, 0x000000008c100000, 0x000000008c100000|100%| E|CS|TAMS 0x000000008c000000, 0x000000008c000000| Complete 
| 105|0x000000008c100000, 0x000000008c200000, 0x000000008c200000|100%| E|CS|TAMS 0x000000008c100000, 0x000000008c100000| Complete 
| 106|0x000000008c200000, 0x000000008c2f3a80, 0x000000008c300000| 95%| S|CS|TAMS 0x000000008c200000, 0x000000008c200000| Complete 
| 107|0x000000008c300000, 0x000000008c400000, 0x000000008c400000|100%| E|CS|TAMS 0x000000008c300000, 0x000000008c300000| Complete 
| 108|0x000000008c400000, 0x000000008c500000, 0x000000008c500000|100%| E|CS|TAMS 0x000000008c400000, 0x000000008c400000| Complete 
| 109|0x000000008c500000, 0x000000008c600000, 0x000000008c600000|100%| E|CS|TAMS 0x000000008c500000, 0x000000008c500000| Complete 
| 110|0x000000008c600000, 0x000000008c700000, 0x000000008c700000|100%| E|CS|TAMS 0x000000008c600000, 0x000000008c600000| Complete 
| 111|0x000000008c700000, 0x000000008c800000, 0x000000008c800000|100%| E|CS|TAMS 0x000000008c700000, 0x000000008c700000| Complete 
| 112|0x000000008c800000, 0x000000008c900000, 0x000000008c900000|100%| E|CS|TAMS 0x000000008c800000, 0x000000008c800000| Complete 
| 113|0x000000008c900000, 0x000000008ca00000, 0x000000008ca00000|100%| E|CS|TAMS 0x000000008c900000, 0x000000008c900000| Complete 
| 114|0x000000008ca00000, 0x000000008cb00000, 0x000000008cb00000|100%| E|CS|TAMS 0x000000008ca00000, 0x000000008ca00000| Complete 
| 115|0x000000008cb00000, 0x000000008cc00000, 0x000000008cc00000|100%| E|CS|TAMS 0x000000008cb00000, 0x000000008cb00000| Complete 
| 116|0x000000008cc00000, 0x000000008cd00000, 0x000000008cd00000|100%| E|CS|TAMS 0x000000008cc00000, 0x000000008cc00000| Complete 
| 117|0x000000008cd00000, 0x000000008ce00000, 0x000000008ce00000|100%| E|CS|TAMS 0x000000008cd00000, 0x000000008cd00000| Complete 
| 118|0x000000008ce00000, 0x000000008cf00000, 0x000000008cf00000|100%| E|CS|TAMS 0x000000008ce00000, 0x000000008ce00000| Complete 
| 119|0x000000008cf00000, 0x000000008d000000, 0x000000008d000000|100%| E|CS|TAMS 0x000000008cf00000, 0x000000008cf00000| Complete 
| 120|0x000000008d000000, 0x000000008d100000, 0x000000008d100000|100%| E|CS|TAMS 0x000000008d000000, 0x000000008d000000| Complete 
| 121|0x000000008d100000, 0x000000008d200000, 0x000000008d200000|100%| E|CS|TAMS 0x000000008d100000, 0x000000008d100000| Complete 
| 122|0x000000008d200000, 0x000000008d300000, 0x000000008d300000|100%| E|CS|TAMS 0x000000008d200000, 0x000000008d200000| Complete 
| 123|0x000000008d300000, 0x000000008d400000, 0x000000008d400000|100%| E|CS|TAMS 0x000000008d300000, 0x000000008d300000| Complete 

Card table byte_map: [0x00000177f75d0000,0x00000177f79b0000] _byte_map_base: 0x00000177f71a4000

Marking Bits (Prev, Next): (CMBitMap*) 0x00000177de958be0, (CMBitMap*) 0x00000177de958c20
 Prev Bits: [0x00000177f7d90000, 0x00000177f9c30000)
 Next Bits: [0x00000177f9c30000, 0x00000177fbad0000)

Polling page: 0x00000177e7ba0000

Metaspace:

Usage:
  Non-class:      8.28 MB used.
      Class:    730.57 KB used.
       Both:      8.99 MB used.

Virtual space:
  Non-class space:       16.00 MB reserved,       8.44 MB ( 53%) committed,  2 nodes.
      Class space:        1.00 GB reserved,     832.00 KB ( <1%) committed,  1 nodes.
             Both:        1.02 GB reserved,       9.25 MB ( <1%) committed. 

Chunk freelists:
   Non-Class:  2.29 MB
       Class:  3.21 MB
        Both:  5.50 MB

MaxMetaspaceSize: unlimited
CompressedClassSpaceSize: 1.00 GB
Initial GC threshold: 21.00 MB
Current GC threshold: 21.00 MB
CDS: on
MetaspaceReclaimPolicy: balanced
 - commit_granule_bytes: 65536.
 - commit_granule_words: 8192.
 - virtual_space_node_default_size: 1048576.
 - enlarge_chunks_in_place: 1.
 - new_chunks_are_fully_committed: 0.
 - uncommit_free_chunks: 1.
 - use_allocation_guard: 0.
 - handle_deallocations: 1.


Internal statistics:

num_allocs_failed_limit: 0.
num_arena_births: 154.
num_arena_deaths: 0.
num_vsnodes_births: 3.
num_vsnodes_deaths: 0.
num_space_committed: 146.
num_space_uncommitted: 0.
num_chunks_returned_to_freelist: 0.
num_chunks_taken_from_freelist: 419.
num_chunk_merges: 0.
num_chunk_splits: 298.
num_chunks_enlarged: 220.
num_purges: 0.
num_inconsistent_stats: 0.

CodeHeap 'non-profiled nmethods': size=120000Kb used=1257Kb max_used=1257Kb free=118742Kb
 bounds [0x00000177ef690000, 0x00000177ef900000, 0x00000177f6bc0000]
CodeHeap 'profiled nmethods': size=120000Kb used=4055Kb max_used=4055Kb free=115944Kb
 bounds [0x00000177e8160000, 0x00000177e8560000, 0x00000177ef690000]
CodeHeap 'non-nmethods': size=5760Kb used=1715Kb max_used=1743Kb free=4044Kb
 bounds [0x00000177e7bc0000, 0x00000177e7e30000, 0x00000177e8160000]
 total_blobs=3166 nmethods=2092 adapters=986
 compilation: enabled
              stopped_count=0, restarted_count=0
 full_count=0

Compilation events (20 events):
Event: 98.634 Thread 0x00000177fe12ec80 2083       4       javazoom.jl.decoder.Bitstream::parse_frame (149 bytes)
Event: 98.638 Thread 0x00000177fe12ec80 nmethod 2083 0x00000177ef7c2a90 code [0x00000177ef7c2c20, 0x00000177ef7c2f18]
Event: 98.640 Thread 0x00000177fe15e9c0 2084 %     3       javazoom.jl.decoder.huffcodetab::huffman_decoder @ 40 (475 bytes)
Event: 98.642 Thread 0x00000177fe15e9c0 nmethod 2084% 0x00000177e854d490 code [0x00000177e854d7c0, 0x00000177e854ef28]
Event: 98.642 Thread 0x00000177fe15e9c0 2085       3       javazoom.jl.decoder.huffcodetab::huffman_decoder (475 bytes)
Event: 98.643 Thread 0x00000177fe15e9c0 nmethod 2085 0x00000177e854fc90 code [0x00000177e854ffa0, 0x00000177e8551248]
Event: 98.862 Thread 0x00000177fe12ec80 2086       4       javazoom.jl.decoder.huffcodetab::huffman_decoder (475 bytes)
Event: 98.902 Thread 0x00000177fe12ec80 nmethod 2086 0x00000177ef7c3090 code [0x00000177ef7c32a0, 0x00000177ef7c48f8]
Event: 98.968 Thread 0x00000177fe15e9c0 2087       3       java.lang.Class::reflectionData (43 bytes)
Event: 98.968 Thread 0x00000177fe15e9c0 nmethod 2087 0x00000177e8551e90 code [0x00000177e8552060, 0x00000177e8552478]
Event: 99.253 Thread 0x00000177fe12ec80 2088       4       javazoom.jl.decoder.SynthesisFilter::compute_pcm_samples7 (265 bytes)
Event: 99.258 Thread 0x00000177fe12ec80 nmethod 2088 0x00000177ef7c5810 code [0x00000177ef7c59a0, 0x00000177ef7c5cf8]
Event: 99.400 Thread 0x00000177fe12ec80 2089       4       com.badlogic.gdx.graphics.g2d.SpriteBatch::draw (165 bytes)
Event: 99.407 Thread 0x00000177fe12ec80 nmethod 2089 0x00000177ef7c5e90 code [0x00000177ef7c6060, 0x00000177ef7c66c8]
Event: 99.800 Thread 0x00000177fe12ec80 2090       4       com.r3nny.seabatlle.client.core.model.Cell::draw (468 bytes)
Event: 99.827 Thread 0x00000177fe12ec80 nmethod 2090 0x00000177ef7c6c10 code [0x00000177ef7c6fe0, 0x00000177ef7c8c88]
Event: 99.930 Thread 0x00000177fe15e9c0 2091       3       java.io.DataOutputStream::writeUTF (411 bytes)
Event: 99.932 Thread 0x00000177fe15e9c0 nmethod 2091 0x00000177e8552610 code [0x00000177e85529c0, 0x00000177e8554a08]
Event: 116.190 Thread 0x00000177fe15e9c0 2092       3       com.badlogic.gdx.math.Matrix4::det (444 bytes)
Event: 116.191 Thread 0x00000177fe15e9c0 nmethod 2092 0x00000177e8555710 code [0x00000177e85558c0, 0x00000177e8555cf8]

GC Heap History (4 events):
Event: 0.624 GC heap before
{Heap before GC invocations=0 (full 0):
 garbage-first heap   total 126976K, used 13312K [0x0000000085800000, 0x0000000100000000)
  region size 1024K, 13 young (13312K), 0 survivors (0K)
 Metaspace       used 2859K, committed 3072K, reserved 1056768K
  class space    used 214K, committed 320K, reserved 1048576K
}
Event: 0.629 GC heap after
{Heap after GC invocations=1 (full 0):
 garbage-first heap   total 126976K, used 2917K [0x0000000085800000, 0x0000000100000000)
  region size 1024K, 2 young (2048K), 2 survivors (2048K)
 Metaspace       used 2859K, committed 3072K, reserved 1056768K
  class space    used 214K, committed 320K, reserved 1048576K
}
Event: 4.725 GC heap before
{Heap before GC invocations=1 (full 0):
 garbage-first heap   total 126976K, used 23397K [0x0000000085800000, 0x0000000100000000)
  region size 1024K, 17 young (17408K), 2 survivors (2048K)
 Metaspace       used 7178K, committed 7360K, reserved 1064960K
  class space    used 551K, committed 640K, reserved 1048576K
}
Event: 4.732 GC heap after
{Heap after GC invocations=2 (full 0):
 garbage-first heap   total 126976K, used 4124K [0x0000000085800000, 0x0000000100000000)
  region size 1024K, 1 young (1024K), 1 survivors (1024K)
 Metaspace       used 7178K, committed 7360K, reserved 1064960K
  class space    used 551K, committed 640K, reserved 1048576K
}

Dll operation events (12 events):
Event: 0.024 Loaded shared library C:\Users\R3nny\.jdks\corretto-17.0.5\bin\java.dll
Event: 0.025 Loaded shared library C:\Users\R3nny\.jdks\corretto-17.0.5\bin\zip.dll
Event: 0.036 Loaded shared library C:\Users\R3nny\.jdks\corretto-17.0.5\bin\jsvml.dll
Event: 0.204 Loaded shared library C:\Users\R3nny\.jdks\corretto-17.0.5\bin\instrument.dll
Event: 0.224 Loaded shared library C:\Users\R3nny\.jdks\corretto-17.0.5\bin\net.dll
Event: 0.226 Loaded shared library C:\Users\R3nny\.jdks\corretto-17.0.5\bin\nio.dll
Event: 0.230 Loaded shared library C:\Users\R3nny\.jdks\corretto-17.0.5\bin\zip.dll
Event: 0.336 Loaded shared library C:\Users\R3nny\.jdks\corretto-17.0.5\bin\jimage.dll
Event: 0.347 Loaded shared library C:\Users\R3nny\AppData\Local\Temp\libgdxR3nny\e787ab0a\gdx64.dll
Event: 0.460 Loaded shared library C:\Users\R3nny\AppData\Local\Temp\lwjglR3nny\3.3.1-build-7\lwjgl.dll
Event: 1.261 Loaded shared library C:\Users\R3nny\AppData\Local\Temp\lwjglR3nny\3.3.1-build-7\lwjgl_opengl.dll
Event: 5.964 Loaded shared library C:\Users\R3nny\AppData\Local\Temp\libgdxR3nny\ac200fef\gdx-freetype64.dll

Deoptimization events (20 events):
Event: 12.352 Thread 0x00000177de8fe0e0 DEOPT PACKING pc=0x00000177e844e8bd sp=0x0000001221cfeb30
Event: 12.352 Thread 0x00000177de8fe0e0 DEOPT UNPACKING pc=0x00000177e7c166e3 sp=0x0000001221cfe2a8 mode 0
Event: 56.024 Thread 0x00000177de8fe0e0 Uncommon trap: trap_request=0xffffff45 fr.pc=0x00000177ef790a70 relative=0x0000000000001070
Event: 56.024 Thread 0x00000177de8fe0e0 Uncommon trap: reason=unstable_if action=reinterpret pc=0x00000177ef790a70 method=com.r3nny.seabatlle.client.core.model.Cell.draw(Lcom/badlogic/gdx/graphics/g2d/Batch;F)V @ 157 c2
Event: 56.024 Thread 0x00000177de8fe0e0 DEOPT PACKING pc=0x00000177ef790a70 sp=0x0000001221cfee90
Event: 56.024 Thread 0x00000177de8fe0e0 DEOPT UNPACKING pc=0x00000177e7c15ba3 sp=0x0000001221cfeea0 mode 2
Event: 56.028 Thread 0x00000177de8fe0e0 DEOPT PACKING pc=0x00000177e8506fd4 sp=0x0000001221cff320
Event: 56.028 Thread 0x00000177de8fe0e0 DEOPT UNPACKING pc=0x00000177e7c166e3 sp=0x0000001221cfe770 mode 0
Event: 87.677 Thread 0x00000177de8fe0e0 DEOPT PACKING pc=0x00000177e8506fd4 sp=0x0000001221cff320
Event: 87.677 Thread 0x00000177de8fe0e0 DEOPT UNPACKING pc=0x00000177e7c166e3 sp=0x0000001221cfe770 mode 0
Event: 98.639 Thread 0x00000177de8fe0e0 DEOPT PACKING pc=0x00000177e83b3c75 sp=0x0000001221cff040
Event: 98.639 Thread 0x00000177de8fe0e0 DEOPT UNPACKING pc=0x00000177e7c166e3 sp=0x0000001221cfe4c0 mode 0
Event: 98.640 Thread 0x00000177de8fe0e0 Uncommon trap: trap_request=0xffffff45 fr.pc=0x00000177ef7100e4 relative=0x0000000000000b44
Event: 98.640 Thread 0x00000177de8fe0e0 Uncommon trap: reason=unstable_if action=reinterpret pc=0x00000177ef7100e4 method=javazoom.jl.decoder.huffcodetab.huffman_decoder(Ljavazoom/jl/decoder/huffcodetab;[I[I[I[ILjavazoom/jl/decoder/BitReserve;)I @ 27 c2
Event: 98.640 Thread 0x00000177de8fe0e0 DEOPT PACKING pc=0x00000177ef7100e4 sp=0x0000001221cfefe0
Event: 98.640 Thread 0x00000177de8fe0e0 DEOPT UNPACKING pc=0x00000177e7c15ba3 sp=0x0000001221cfef80 mode 2
Event: 99.255 Thread 0x00000177de8fe0e0 DEOPT PACKING pc=0x00000177e83a2e30 sp=0x0000001221cff070
Event: 99.255 Thread 0x00000177de8fe0e0 DEOPT UNPACKING pc=0x00000177e7c166e3 sp=0x0000001221cfe4e8 mode 0
Event: 108.919 Thread 0x00000177de8fe0e0 DEOPT PACKING pc=0x00000177e8506fd4 sp=0x0000001221cff320
Event: 108.919 Thread 0x00000177de8fe0e0 DEOPT UNPACKING pc=0x00000177e7c166e3 sp=0x0000001221cfe770 mode 0

Classes unloaded (0 events):
No events

Classes redefined (0 events):
No events

Internal exceptions (20 events):
Event: 0.614 Thread 0x00000177de8fe0e0 Exception <a 'sun/nio/fs/WindowsException'{0x000000008c7ce450}> (0x000000008c7ce450) 
thrown [s\src\hotspot\share\prims\jni.cpp, line 516]
Event: 0.614 Thread 0x00000177de8fe0e0 Exception <a 'sun/nio/fs/WindowsException'{0x000000008c7ce7d0}> (0x000000008c7ce7d0) 
thrown [s\src\hotspot\share\prims\jni.cpp, line 516]
Event: 1.169 Thread 0x00000177de8fe0e0 Exception <a 'java/lang/NoSuchMethodError'{0x000000008d3199c0}: 'java.lang.Object java.lang.invoke.DirectMethodHandle$Holder.newInvokeSpecial(java.lang.Object, long)'> (0x000000008d3199c0) 
thrown [s\src\hotspot\share\interpreter\linkResolver.cpp, line 759]
Event: 1.259 Thread 0x00000177de8fe0e0 Exception <a 'sun/nio/fs/WindowsException'{0x000000008d2c4980}> (0x000000008d2c4980) 
thrown [s\src\hotspot\share\prims\jni.cpp, line 516]
Event: 1.259 Thread 0x00000177de8fe0e0 Exception <a 'sun/nio/fs/WindowsException'{0x000000008d2c4d28}> (0x000000008d2c4d28) 
thrown [s\src\hotspot\share\prims\jni.cpp, line 516]
Event: 1.262 Thread 0x00000177de8fe0e0 Exception <a 'sun/nio/fs/WindowsException'{0x000000008d2d44a0}> (0x000000008d2d44a0) 
thrown [s\src\hotspot\share\prims\jni.cpp, line 516]
Event: 1.262 Thread 0x00000177de8fe0e0 Exception <a 'sun/nio/fs/WindowsException'{0x000000008d2d4780}> (0x000000008d2d4780) 
thrown [s\src\hotspot\share\prims\jni.cpp, line 516]
Event: 5.967 Thread 0x00000177de8fe0e0 Exception <a 'java/io/FileNotFoundException'{0x000000008ce96390}> (0x000000008ce96390) 
thrown [s\src\hotspot\share\prims\jni.cpp, line 516]
Event: 6.066 Thread 0x00000177de8fe0e0 Exception <a 'java/io/FileNotFoundException'{0x000000008cdeb838}> (0x000000008cdeb838) 
thrown [s\src\hotspot\share\prims\jni.cpp, line 516]
Event: 6.088 Thread 0x00000177de8fe0e0 Exception <a 'java/io/FileNotFoundException'{0x000000008cc2a7e8}> (0x000000008cc2a7e8) 
thrown [s\src\hotspot\share\prims\jni.cpp, line 516]
Event: 7.833 Thread 0x00000177de8fe0e0 Exception <a 'java/io/FileNotFoundException'{0x000000008c1e6b50}> (0x000000008c1e6b50) 
thrown [s\src\hotspot\share\prims\jni.cpp, line 516]
Event: 12.346 Thread 0x00000177de8fe0e0 Exception <a 'java/io/FileNotFoundException'{0x000000008b5da720}> (0x000000008b5da720) 
thrown [s\src\hotspot\share\prims\jni.cpp, line 516]
Event: 12.357 Thread 0x00000177de8fe0e0 Exception <a 'java/io/FileNotFoundException'{0x000000008b403c00}> (0x000000008b403c00) 
thrown [s\src\hotspot\share\prims\jni.cpp, line 516]
Event: 12.364 Thread 0x00000177de8fe0e0 Exception <a 'java/io/FileNotFoundException'{0x000000008b42cc18}> (0x000000008b42cc18) 
thrown [s\src\hotspot\share\prims\jni.cpp, line 516]
Event: 12.369 Thread 0x00000177de8fe0e0 Exception <a 'java/io/FileNotFoundException'{0x000000008b455c30}> (0x000000008b455c30) 
thrown [s\src\hotspot\share\prims\jni.cpp, line 516]
Event: 12.375 Thread 0x00000177de8fe0e0 Exception <a 'java/io/FileNotFoundException'{0x000000008b47ef48}> (0x000000008b47ef48) 
thrown [s\src\hotspot\share\prims\jni.cpp, line 516]
Event: 12.380 Thread 0x00000177de8fe0e0 Exception <a 'java/io/FileNotFoundException'{0x000000008b4a8548}> (0x000000008b4a8548) 
thrown [s\src\hotspot\share\prims\jni.cpp, line 516]
Event: 12.385 Thread 0x00000177de8fe0e0 Exception <a 'java/io/FileNotFoundException'{0x000000008b4d1560}> (0x000000008b4d1560) 
thrown [s\src\hotspot\share\prims\jni.cpp, line 516]
Event: 12.393 Thread 0x00000177de8fe0e0 Exception <a 'java/io/FileNotFoundException'{0x000000008b4fa578}> (0x000000008b4fa578) 
thrown [s\src\hotspot\share\prims\jni.cpp, line 516]
Event: 12.416 Thread 0x00000177de8fe0e0 Exception <a 'java/io/FileNotFoundException'{0x000000008b3448b8}> (0x000000008b3448b8) 
thrown [s\src\hotspot\share\prims\jni.cpp, line 516]

VM Operations (20 events):
Event: 108.955 Executing VM operation: get/set locals done
Event: 114.035 Executing VM operation: ChangeBreakpoints
Event: 114.036 Executing VM operation: ChangeBreakpoints done
Event: 114.053 Executing VM operation: ChangeBreakpoints
Event: 114.053 Executing VM operation: ChangeBreakpoints done
Event: 114.054 Executing VM operation: get/set locals
Event: 114.054 Executing VM operation: get/set locals done
Event: 114.055 Executing VM operation: get/set locals
Event: 114.055 Executing VM operation: get/set locals done
Event: 116.129 Executing VM operation: ChangeBreakpoints
Event: 116.129 Executing VM operation: ChangeBreakpoints done
Event: 116.130 Executing VM operation: ChangeBreakpoints
Event: 116.132 Executing VM operation: ChangeBreakpoints done
Event: 116.132 Executing VM operation: ChangeBreakpoints
Event: 116.132 Executing VM operation: ChangeBreakpoints done
Event: 116.133 Executing VM operation: ChangeBreakpoints
Event: 116.133 Executing VM operation: ChangeBreakpoints done
Event: 116.133 Executing VM operation: ChangeBreakpoints
Event: 116.133 Executing VM operation: ChangeBreakpoints done
Event: 116.294 Executing VM operation: Exit

Events (20 events):
Event: 12.416 loading class com/r3nny/seabatlle/client/core/screen/SingleGameScreen$1 done
Event: 13.655 loading class com/r3nny/seabatlle/client/core/controller/GameController
Event: 13.655 loading class com/r3nny/seabatlle/client/core/controller/GameController done
Event: 14.000 loading class com/intellij/rt/debugger/BatchEvaluatorServer
Event: 14.000 loading class com/intellij/rt/debugger/BatchEvaluatorServer done
Event: 35.595 loading class java/util/Stack
Event: 35.595 loading class java/util/Stack done
Event: 35.742 loading class java/io/DataOutputStream
Event: 35.742 loading class java/io/DataOutputStream done
Event: 56.024 loading class com/badlogic/gdx/graphics/g2d/Animation$1
Event: 56.024 loading class com/badlogic/gdx/graphics/g2d/Animation$1 done
Event: 92.456 Thread 0x0000017798567910 Thread added: 0x0000017798567910
Event: 93.645 Thread 0x0000017798567910 Thread exited: 0x0000017798567910
Event: 96.425 Thread 0x0000017798568840 Thread added: 0x0000017798568840
Event: 97.703 Thread 0x0000017798568840 Thread exited: 0x0000017798568840
Event: 116.127 Thread 0x00000177fedd8c40 Thread exited: 0x00000177fedd8c40
Event: 116.136 Thread 0x00000177fedaed10 Thread exited: 0x00000177fedaed10
Event: 116.293 loading class jdk/internal/misc/Signal$1
Event: 116.293 loading class jdk/internal/misc/Signal$1 done
Event: 116.293 Thread 0x00000177fedaed10 Thread added: 0x00000177fedaed10


Dynamic libraries:
0x00007ff67a390000 - 0x00007ff67a39d000 	C:\Users\R3nny\.jdks\corretto-17.0.5\bin\java.exe
0x00007ffed7390000 - 0x00007ffed75a4000 	C:\Windows\SYSTEM32\ntdll.dll
0x00007ffed6470000 - 0x00007ffed6532000 	C:\Windows\System32\KERNEL32.DLL
0x00007ffed4df0000 - 0x00007ffed518d000 	C:\Windows\System32\KERNELBASE.dll
0x00007ffed47c0000 - 0x00007ffed48d1000 	C:\Windows\System32\ucrtbase.dll
0x00007ffec4360000 - 0x00007ffec4375000 	C:\Users\R3nny\.jdks\corretto-17.0.5\bin\VCRUNTIME140.dll
0x00007ffec6030000 - 0x00007ffec6047000 	C:\Users\R3nny\.jdks\corretto-17.0.5\bin\jli.dll
0x00007ffed56b0000 - 0x00007ffed585a000 	C:\Windows\System32\USER32.dll
0x00007ffed4a00000 - 0x00007ffed4a26000 	C:\Windows\System32\win32u.dll
0x00007ffed7120000 - 0x00007ffed7149000 	C:\Windows\System32\GDI32.dll
0x00007ffed48e0000 - 0x00007ffed49f2000 	C:\Windows\System32\gdi32full.dll
0x00007ffed4ab0000 - 0x00007ffed4b4a000 	C:\Windows\System32\msvcp_win.dll
0x00007ffea3b50000 - 0x00007ffea3dde000 	C:\Windows\WinSxS\amd64_microsoft.windows.common-controls_6595b64144ccf1df_6.0.22621.608_none_a9444ca7c10bb01d\COMCTL32.dll
0x00007ffed6d00000 - 0x00007ffed6da7000 	C:\Windows\System32\msvcrt.dll
0x00007ffed5670000 - 0x00007ffed56a2000 	C:\Windows\System32\IMM32.DLL
0x00007ffeb5da0000 - 0x00007ffeb5e3b000 	C:\Users\R3nny\.jdks\corretto-17.0.5\bin\msvcp140.dll
0x00007ffe5a890000 - 0x00007ffe5b4a4000 	C:\Users\R3nny\.jdks\corretto-17.0.5\bin\server\jvm.dll
0x00007ffed6c50000 - 0x00007ffed6cfe000 	C:\Windows\System32\ADVAPI32.dll
0x00007ffed6ed0000 - 0x00007ffed6f74000 	C:\Windows\System32\sechost.dll
0x00007ffed6350000 - 0x00007ffed6465000 	C:\Windows\System32\RPCRT4.dll
0x00007ffeb9090000 - 0x00007ffeb90c4000 	C:\Windows\SYSTEM32\WINMM.dll
0x00007ffeb5550000 - 0x00007ffeb5559000 	C:\Windows\SYSTEM32\WSOCK32.dll
0x00007ffed72d0000 - 0x00007ffed7341000 	C:\Windows\System32\WS2_32.dll
0x00007ffeccc90000 - 0x00007ffeccc9a000 	C:\Windows\SYSTEM32\VERSION.dll
0x00007ffed37a0000 - 0x00007ffed37b8000 	C:\Windows\SYSTEM32\kernel.appcore.dll
0x00007ffec47a0000 - 0x00007ffec47aa000 	C:\Users\R3nny\.jdks\corretto-17.0.5\bin\jimage.dll
0x00007ffed20c0000 - 0x00007ffed22ee000 	C:\Windows\SYSTEM32\DBGHELP.DLL
0x00007ffed6770000 - 0x00007ffed6afa000 	C:\Windows\System32\combase.dll
0x00007ffed6050000 - 0x00007ffed6127000 	C:\Windows\System32\OLEAUT32.dll
0x00007ffec6080000 - 0x00007ffec60b2000 	C:\Windows\SYSTEM32\dbgcore.DLL
0x00007ffed4a30000 - 0x00007ffed4aab000 	C:\Windows\System32\bcryptPrimitives.dll
0x00007ffeb5c80000 - 0x00007ffeb5cb9000 	C:\Users\R3nny\.jdks\corretto-17.0.5\bin\jdwp.dll
0x00007ffec4070000 - 0x00007ffec407e000 	C:\Users\R3nny\.jdks\corretto-17.0.5\bin\instrument.dll
0x00007ffec3d70000 - 0x00007ffec3d95000 	C:\Users\R3nny\.jdks\corretto-17.0.5\bin\java.dll
0x00007ffec3bc0000 - 0x00007ffec3bd8000 	C:\Users\R3nny\.jdks\corretto-17.0.5\bin\zip.dll
0x00007ffeb5cc0000 - 0x00007ffeb5d96000 	C:\Users\R3nny\.jdks\corretto-17.0.5\bin\jsvml.dll
0x00007ffed5860000 - 0x00007ffed6040000 	C:\Windows\System32\SHELL32.dll
0x00007ffed27b0000 - 0x00007ffed3075000 	C:\Windows\SYSTEM32\windows.storage.dll
0x00007ffed2670000 - 0x00007ffed27ae000 	C:\Windows\SYSTEM32\wintypes.dll
0x00007ffed6db0000 - 0x00007ffed6ea1000 	C:\Windows\System32\SHCORE.dll
0x00007ffed62f0000 - 0x00007ffed634e000 	C:\Windows\System32\shlwapi.dll
0x00007ffed46f0000 - 0x00007ffed4711000 	C:\Windows\SYSTEM32\profapi.dll
0x00007ffec4060000 - 0x00007ffec406c000 	C:\Users\R3nny\.jdks\corretto-17.0.5\bin\dt_socket.dll
0x00007ffed3310000 - 0x00007ffed333d000 	C:\Windows\SYSTEM32\IPHLPAPI.DLL
0x00007ffed3c40000 - 0x00007ffed3ca9000 	C:\Windows\system32\mswsock.dll
0x00007ffeb7af0000 - 0x00007ffeb7b09000 	C:\Users\R3nny\.jdks\corretto-17.0.5\bin\net.dll
0x00007ffecf550000 - 0x00007ffecf67f000 	C:\Windows\SYSTEM32\WINHTTP.dll
0x00007ffeb7950000 - 0x00007ffeb7965000 	C:\Users\R3nny\.jdks\corretto-17.0.5\bin\nio.dll
0x0000000059fb0000 - 0x0000000059fd9000 	C:\Users\R3nny\AppData\Local\Temp\libgdxR3nny\e787ab0a\gdx64.dll
0x00007ffeb5870000 - 0x00007ffeb58e5000 	C:\Users\R3nny\AppData\Local\Temp\lwjglR3nny\3.3.1-build-7\lwjgl.dll
0x00007ffea91a0000 - 0x00007ffea93f9000 	C:\Users\R3nny\AppData\Local\Temp\lwjglR3nny\3.3.1-build-7\jemalloc.dll
0x00007ffeb05b0000 - 0x00007ffeb0611000 	C:\Users\R3nny\AppData\Local\Temp\lwjglR3nny\3.3.1-build-7\glfw.dll
0x00007ffeb3ad0000 - 0x00007ffeb3b16000 	C:\Windows\SYSTEM32\dinput8.dll
0x00007ffeb5c60000 - 0x00007ffeb5c71000 	C:\Windows\SYSTEM32\xinput1_4.dll
0x00007ffed43c0000 - 0x00007ffed440e000 	C:\Windows\SYSTEM32\cfgmgr32.dll
0x00007ffed4380000 - 0x00007ffed43b3000 	C:\Windows\SYSTEM32\DEVOBJ.dll
0x00007ffed1b70000 - 0x00007ffed1b9b000 	C:\Windows\SYSTEM32\dwmapi.dll
0x00007ffeb8380000 - 0x00007ffeb8581000 	C:\Windows\SYSTEM32\inputhost.dll
0x00007ffed0c80000 - 0x00007ffed0db3000 	C:\Windows\SYSTEM32\CoreMessaging.dll
0x00007ffed1920000 - 0x00007ffed19cb000 	C:\Windows\system32\uxtheme.dll
0x00007ffed7150000 - 0x00007ffed726e000 	C:\Windows\System32\MSCTF.dll
0x00007ffed3f30000 - 0x00007ffed3f3c000 	C:\Windows\SYSTEM32\CRYPTBASE.DLL
0x00007ffea9000000 - 0x00007ffea9197000 	C:\Users\R3nny\AppData\Local\Temp\lwjglR3nny\3.3.1-build-7\OpenAL.dll
0x00007ffed6540000 - 0x00007ffed66dc000 	C:\Windows\System32\ole32.dll
0x00007ffed6b00000 - 0x00007ffed6bb7000 	C:\Windows\System32\clbcatq.dll
0x00007ffec4af0000 - 0x00007ffec4b8d000 	C:\Windows\System32\MMDevApi.dll
0x00007ffeb13f0000 - 0x00007ffeb15d4000 	C:\Windows\SYSTEM32\AUDIOSES.DLL
0x00007ffed1eb0000 - 0x00007ffed1ec5000 	C:\Windows\SYSTEM32\resourcepolicyclient.dll
0x00007ffed4690000 - 0x00007ffed46dd000 	C:\Windows\SYSTEM32\powrprof.dll
0x00007ffed4670000 - 0x00007ffed4683000 	C:\Windows\SYSTEM32\UMPDC.dll
0x00007ffea0840000 - 0x00007ffea0940000 	C:\Windows\SYSTEM32\opengl32.dll
0x00007ffea0810000 - 0x00007ffea083d000 	C:\Windows\SYSTEM32\GLU32.dll
0x00007ffed1a20000 - 0x00007ffed1a56000 	C:\Windows\SYSTEM32\dxcore.dll
0x00007ffec3630000 - 0x00007ffec3679000 	C:\Windows\SYSTEM32\directxdatabasehelper.dll
0x00007ffec70a0000 - 0x00007ffec71d6000 	C:\Windows\System32\AppXDeploymentClient.dll
0x00007ffe564e0000 - 0x00007ffe574e6000 	C:\Windows\System32\DriverStore\FileRepository\iigd_dch.inf_amd64_9dbfad2c6843c394\igxelpicd64.dll
0x00007ffed1a60000 - 0x00007ffed1b57000 	C:\Windows\system32\dxgi.dll
0x00007ffe55d80000 - 0x00007ffe564d3000 	C:\Windows\System32\DriverStore\FileRepository\iigd_dch.inf_amd64_9dbfad2c6843c394\igdml64.dll
0x00007ffebea70000 - 0x00007ffebee31000 	C:\Windows\System32\DriverStore\FileRepository\iigd_dch.inf_amd64_9dbfad2c6843c394\igdgmm64.dll
0x00007ffebb810000 - 0x00007ffebea70000 	C:\Windows\System32\DriverStore\FileRepository\iigd_dch.inf_amd64_9dbfad2c6843c394\igc64.dll
0x00007ffeb3760000 - 0x00007ffeb37bd000 	C:\Users\R3nny\AppData\Local\Temp\lwjglR3nny\3.3.1-build-7\lwjgl_opengl.dll
0x00007ffeb8250000 - 0x00007ffeb837d000 	C:\Windows\SYSTEM32\textinputframework.dll
0x00007ffec3030000 - 0x00007ffec339c000 	C:\Windows\SYSTEM32\CoreUIComponents.dll
0x0000000059ef0000 - 0x0000000059fa2000 	C:\Users\R3nny\AppData\Local\Temp\libgdxR3nny\ac200fef\gdx-freetype64.dll

dbghelp: loaded successfully - version: 4.0.5 - missing functions: none
symbol engine: initialized successfully - sym options: 0x614 - pdb path: .;C:\Users\R3nny\.jdks\corretto-17.0.5\bin;C:\Windows\SYSTEM32;C:\Windows\WinSxS\amd64_microsoft.windows.common-controls_6595b64144ccf1df_6.0.22621.608_none_a9444ca7c10bb01d;C:\Users\R3nny\.jdks\corretto-17.0.5\bin\server;C:\Users\R3nny\AppData\Local\Temp\libgdxR3nny\e787ab0a;C:\Users\R3nny\AppData\Local\Temp\lwjglR3nny\3.3.1-build-7;C:\Windows\System32\DriverStore\FileRepository\iigd_dch.inf_amd64_9dbfad2c6843c394;C:\Users\R3nny\AppData\Local\Temp\libgdxR3nny\ac200fef

VM Arguments:
jvm_args: -agentlib:jdwp=transport=dt_socket,address=127.0.0.1:51583,suspend=y,server=n -javaagent:C:\Users\R3nny\AppData\Local\JetBrains\IntelliJIdea2022.2\captureAgent\debugger-agent.jar -Dfile.encoding=UTF-8 
java_command: com.r3nny.seabatlle.client.DesktopLauncher
java_class_path (initial): C:\Users\R3nny\IdeaProjects\SeaBattle-client\target\classes;C:\Users\R3nny\.m2\repository\com\github\raeleus\stripe\freetype\1.4.1\freetype-1.4.1.jar;C:\Users\R3nny\.m2\repository\com\github\tommyettinger\regexodus\0.1.10\regexodus-0.1.10.jar;C:\Users\R3nny\.m2\repository\com\github\tommyettinger\regexodus\0.1.10\regexodus-0.1.10-sources.jar;C:\Users\R3nny\.m2\repository\com\badlogicgames\gdx\gdx-platform\1.11.0\gdx-platform-1.11.0-natives-desktop.jar;C:\Users\R3nny\.m2\repository\com\badlogicgames\gdx\gdx\1.11.0\gdx-1.11.0.jar;C:\Users\R3nny\.m2\repository\com\badlogicgames\gdx\gdx-jnigen-loader\2.3.1\gdx-jnigen-loader-2.3.1.jar;C:\Users\R3nny\.m2\repository\com\badlogicgames\gdx\gdx-freetype-platform\1.11.0\gdx-freetype-platform-1.11.0-natives-desktop.jar;C:\Users\R3nny\.m2\repository\com\diffplug\spotless\spotless-maven-plugin\2.27.2\spotless-maven-plugin-2.27.2.jar;C:\Users\R3nny\.m2\repository\com\diffplug\spotless\spotless-lib\2.30.0\spotless-lib-2.30.0.jar;C:\Users\R3nny\.m2\repository\com\diffplug\spotless\spotless-lib-extra\2.30.0\spotless-lib-extra-2.30.0.jar;C:\Users\R3nny\.m2\repository\com\googlecode\concurrent-trees\concurrent-trees\2.6.1\concurrent-trees-2.6.1.jar;C:\Users\R3nny\.m2\repository\org\codehaus\groovy\groovy-xml\3.0.10\groovy-xml-3.0.10.jar;C:\Users\R3nny\.m2\repository\org\codehaus\groovy\groovy\3.0.10\groovy-3.0.10.jar;C:\Users\R3nny\.m2\repository\com\diffplug\durian\durian-core\1.2.0\durian-core-1.2.0.jar;C:\Users\R3nny\.m2\repository\com\diffplug\durian\durian-collect\1.2.0\durian-collect-1.2.0.jar;C:\Users\R3nny\.m2\repository\org\codehaus\plexus\plexus-resources\1.2.0\plexus-resources-1.2.0.jar;C:\Users\R3nny\.m2\repository\org\codehaus\plexus\plexus-utils\3.4.1\plexus-utils-3.4.1.jar;C:\Users\R3nny\.m2\repository\javax\inject\javax.inject\1\javax.inject-1.jar;C:\Users\R3nny\.m2\repository\org\slf4j\slf4j-api\1.7.32\slf4j-api-1.7.32.jar;C:\Users\R3nny\.m2\repository\org\eclipse\jgit\org.eclipse.jgit\5.13
Launcher Type: SUN_STANDARD

[Global flags]
     intx CICompilerCount                          = 3                                         {product} {ergonomic}
     uint ConcGCThreads                            = 1                                         {product} {ergonomic}
     uint G1ConcRefinementThreads                  = 4                                         {product} {ergonomic}
   size_t G1HeapRegionSize                         = 1048576                                   {product} {ergonomic}
    uintx GCDrainStackTargetSize                   = 64                                        {product} {ergonomic}
   size_t InitialHeapSize                          = 130023424                                 {product} {ergonomic}
   size_t MarkStackSize                            = 4194304                                   {product} {ergonomic}
   size_t MaxHeapSize                              = 2055208960                                {product} {ergonomic}
   size_t MaxNewSize                               = 1233125376                                {product} {ergonomic}
   size_t MinHeapDeltaBytes                        = 1048576                                   {product} {ergonomic}
   size_t MinHeapSize                              = 8388608                                   {product} {ergonomic}
    uintx NonNMethodCodeHeapSize                   = 5832780                                {pd product} {ergonomic}
    uintx NonProfiledCodeHeapSize                  = 122912730                              {pd product} {ergonomic}
    uintx ProfiledCodeHeapSize                     = 122912730                              {pd product} {ergonomic}
    uintx ReservedCodeCacheSize                    = 251658240                              {pd product} {ergonomic}
     bool SegmentedCodeCache                       = true                                      {product} {ergonomic}
   size_t SoftMaxHeapSize                          = 2055208960                             {manageable} {ergonomic}
     bool UseCompressedClassPointers               = true                           {product lp64_product} {ergonomic}
     bool UseCompressedOops                        = true                           {product lp64_product} {ergonomic}
     bool UseG1GC                                  = true                                      {product} {ergonomic}
     bool UseLargePagesIndividualAllocation        = false                                  {pd product} {ergonomic}

Logging:
Log output configuration:
 #0: stdout all=off uptime,level,tags
 #1: stderr all=off uptime,level,tags

Environment Variables:
PATH=C:\Windows\system32;C:\Windows;C:\Windows\System32\Wbem;C:\Windows\System32\WindowsPowerShell\v1.0\;C:\Windows\System32\OpenSSH\;C:\Program Files\Docker\Docker\resources\bin;C:\Program Files\Git\cmd;C:\Users\R3nny\AppData\Local\Microsoft\WindowsApps;C:\Program Files\JetBrains\IntelliJ IDEA 2022.2.3\bin;C:\Users\R3nny\AppData\Local\JetBrains\Toolbox\scripts;
USERNAME=R3nny
OS=Windows_NT
PROCESSOR_IDENTIFIER=Intel64 Family 6 Model 140 Stepping 1, GenuineIntel
TMP=C:\Users\R3nny\AppData\Local\Temp
TEMP=C:\Users\R3nny\AppData\Local\Temp



---------------  S Y S T E M  ---------------

OS:
 Windows 11 , 64 bit Build 22621 (10.0.22621.755)
OS uptime: 0 days 22:43 hours
Hyper-V role detected

CPU: total 4 (initial active 4) (2 cores per cpu, 2 threads per core) family 6 model 140 stepping 1 microcode 0x8a, cx8, cmov, fxsr, ht, mmx, 3dnowpref, sse, sse2, sse3, ssse3, sse4.1, sse4.2, popcnt, lzcnt, tsc, tscinvbit, avx, avx2, aes, erms, clmul, bmi1, bmi2, adx, avx512f, avx512dq, avx512cd, avx512bw, avx512vl, sha, fma, vzeroupper, avx512_vpopcntdq, avx512_vpclmulqdq, avx512_vaes, avx512_vnni, clflush, clflushopt, clwb, avx512_vbmi2, avx512_vbmi, hv

Memory: 4k page, system-wide physical 7834M (670M free)
TotalPageFile size 14328M (AvailPageFile size 2542M)
current process WorkingSet (physical memory assigned to process): 379M, peak: 421M
current process commit charge ("private bytes"): 477M, peak: 522M

vm_info: OpenJDK 64-Bit Server VM (17.0.5+8-LTS) for windows-amd64 JRE (17.0.5+8-LTS), built on Oct 13 2022 05:18:14 by "Administrator" with MS VC++ 15.9 (VS2017)

END.
